
--- Patch Statistics (crop) (Mean ± Std, ignoring NaNs) ---

Calibration Target 1:
  Bispectral (Baseline): 2.54 ± 1.72 m
  Quadspectral:           2.91 ± 2.29 m
  Lidar (Ground Truth):   29.64 ± 4.17 m

Calibration Target 2:
  Bispectral (Baseline): 1.22 ± 0.81 m
  Quadspectral:           1.11 ± 1.27 m
  Lidar (Ground Truth):   46.60 ± 0.33 m

Tree:
  Bispectral (Baseline): 4.44 ± 2.09 m
  Quadspectral:           4.83 ± 2.33 m
  Lidar (Ground Truth):   51.47 ± 15.13 m

--- Patch Statistics (full) (Mean ± Std, ignoring NaNs) ---

Calibration Target 1:
  Bispectral (Baseline): 3.30 ± 3.50 m
  Quadspectral:           3.38 ± 3.47 m
  Lidar (Ground Truth):   24.11 ± 26.63 m

Calibration Target 2:
  Bispectral (Baseline): 1.24 ± 0.80 m
  Quadspectral:           1.39 ± 0.96 m
  Lidar (Ground Truth):   nan ± nan m

Tree:
  Bispectral (Baseline): 0.94 ± 0.74 m
  Quadspectral:           0.99 ± 1.18 m
  Lidar (Ground Truth):   nan ± nan m
