=== [1/4] Hyperspectral estimation — WITHOUT downwelling ===
No starting point
Iteration 0/20000, Loss: 21544.806640625
Iteration 1000/20000, Loss: 105.15541076660156
Iteration 2000/20000, Loss: 9.516765594482422
Iteration 3000/20000, Loss: 7.142776966094971
Iteration 4000/20000, Loss: 6.758196830749512
Iteration 5000/20000, Loss: 6.594499111175537
Iteration 6000/20000, Loss: 6.492006301879883
Iteration 7000/20000, Loss: 6.689725875854492
Iteration 8000/20000, Loss: 6.479466438293457
Iteration 9000/20000, Loss: 6.5565571784973145
Iteration 10000/20000, Loss: 6.613199710845947
Iteration 11000/20000, Loss: 6.549508571624756
Iteration 12000/20000, Loss: 6.738152503967285
Iteration 13000/20000, Loss: 6.440004348754883
Iteration 14000/20000, Loss: 6.5306782722473145
Iteration 15000/20000, Loss: 6.53326416015625
Iteration 16000/20000, Loss: 6.71622371673584
Iteration 17000/20000, Loss: 6.479217529296875
Iteration 18000/20000, Loss: 6.533920764923096
Iteration 19000/20000, Loss: 6.737493991851807
No starting point
Iteration 0/20000, Loss: 21429.9140625
Iteration 1000/20000, Loss: 106.52398681640625
Iteration 2000/20000, Loss: 9.76250171661377
Iteration 3000/20000, Loss: 7.219808101654053
Iteration 4000/20000, Loss: 6.829288005828857
Iteration 5000/20000, Loss: 6.652933597564697
Iteration 6000/20000, Loss: 6.572578430175781
Iteration 7000/20000, Loss: 6.306755065917969
Iteration 8000/20000, Loss: 6.501892566680908
Iteration 9000/20000, Loss: 6.5743489265441895
Iteration 10000/20000, Loss: 7.090660572052002
Iteration 11000/20000, Loss: 6.665562629699707
Iteration 12000/20000, Loss: 6.463810920715332
Iteration 13000/20000, Loss: 6.928307056427002
Iteration 14000/20000, Loss: 6.623013496398926
Iteration 15000/20000, Loss: 6.5369744300842285
Iteration 16000/20000, Loss: 6.553994655609131
Iteration 17000/20000, Loss: 6.70367956161499
Iteration 18000/20000, Loss: 6.491826057434082
Iteration 19000/20000, Loss: 6.474735736846924
No starting point
Iteration 0/20000, Loss: 17615.55859375
Iteration 1000/20000, Loss: 34.7576789855957
Iteration 2000/20000, Loss: 7.7700700759887695
Iteration 3000/20000, Loss: 6.824540615081787
Iteration 4000/20000, Loss: 6.606479167938232
Iteration 5000/20000, Loss: 6.50165319442749
Iteration 6000/20000, Loss: 6.577179431915283
Iteration 7000/20000, Loss: 6.4538469314575195
Iteration 8000/20000, Loss: 6.29278564453125
Iteration 9000/20000, Loss: 6.460316181182861
Iteration 10000/20000, Loss: 6.466431617736816
Iteration 11000/20000, Loss: 6.4581146240234375
Iteration 12000/20000, Loss: 6.569634914398193
Iteration 13000/20000, Loss: 6.5209455490112305
Iteration 14000/20000, Loss: 6.416536331176758
Iteration 15000/20000, Loss: 6.549732208251953
Iteration 16000/20000, Loss: 6.4228620529174805
Iteration 17000/20000, Loss: 6.3850932121276855
Iteration 18000/20000, Loss: 6.338229179382324
Iteration 19000/20000, Loss: 6.376743793487549
No starting point
Iteration 0/20000, Loss: 18171.572265625
Iteration 1000/20000, Loss: 41.36516189575195
Iteration 2000/20000, Loss: 8.069116592407227
Iteration 3000/20000, Loss: 6.992468357086182
Iteration 4000/20000, Loss: 6.731370449066162
Iteration 5000/20000, Loss: 6.707258701324463
Iteration 6000/20000, Loss: 6.575013160705566
Iteration 7000/20000, Loss: 7.256099224090576
Iteration 8000/20000, Loss: 6.671372890472412
Iteration 9000/20000, Loss: 6.682101726531982
Iteration 10000/20000, Loss: 6.665485382080078
Iteration 11000/20000, Loss: 6.704681396484375
Iteration 12000/20000, Loss: 6.641155242919922
Iteration 13000/20000, Loss: 6.552624702453613
Iteration 14000/20000, Loss: 6.566493034362793
Iteration 15000/20000, Loss: 6.554382801055908
Iteration 16000/20000, Loss: 6.685463905334473
Iteration 17000/20000, Loss: 6.527729511260986
Iteration 18000/20000, Loss: 6.671935081481934
Iteration 19000/20000, Loss: 6.270358085632324
Saved: /home/malurool/Polarizaci-n/Ozone-Cues-Mitigate-Reflected-Downwelling-Radiance-in-LWIR-Absorption-Based-Ranging/results/IHTest_202009_Path3_Step1_LWHSI1__DistStA_no_downwelling.npz
=== [2/4] Hyperspectral estimation — WITH downwelling ===
