=== [1/4] Hyperspectral estimation — WITHOUT downwelling ===
No starting point
Iteration 0/20000, Loss: 6297.42919921875
Iteration 1000/20000, Loss: 41.38938522338867
Iteration 2000/20000, Loss: 40.21897506713867
Iteration 3000/20000, Loss: 38.83248519897461
Iteration 4000/20000, Loss: 36.68280792236328
Iteration 5000/20000, Loss: 32.93739318847656
Iteration 6000/20000, Loss: 29.071453094482422
Iteration 7000/20000, Loss: 24.37928581237793
Iteration 8000/20000, Loss: 20.237646102905273
Iteration 9000/20000, Loss: 16.920761108398438
Iteration 10000/20000, Loss: 15.249628067016602
Iteration 11000/20000, Loss: 14.273829460144043
Iteration 12000/20000, Loss: 13.97213363647461
Iteration 13000/20000, Loss: 14.013167381286621
Iteration 14000/20000, Loss: 14.111751556396484
Iteration 15000/20000, Loss: 13.965224266052246
Iteration 16000/20000, Loss: 13.89598274230957
Iteration 17000/20000, Loss: 14.450250625610352
Iteration 18000/20000, Loss: 13.959647178649902
Iteration 19000/20000, Loss: 13.854499816894531
No starting point
Iteration 0/20000, Loss: 6504.1640625
Iteration 1000/20000, Loss: 51.04753875732422
Iteration 2000/20000, Loss: 49.5409049987793
Iteration 3000/20000, Loss: 48.243934631347656
Iteration 4000/20000, Loss: 45.875247955322266
Iteration 5000/20000, Loss: 42.48048782348633
Iteration 6000/20000, Loss: 38.67827224731445
Iteration 7000/20000, Loss: 34.29847717285156
Iteration 8000/20000, Loss: 30.407258987426758
Iteration 9000/20000, Loss: 27.412885665893555
Iteration 10000/20000, Loss: 25.607654571533203
Iteration 11000/20000, Loss: 25.07036018371582
Iteration 12000/20000, Loss: 26.080236434936523
Iteration 13000/20000, Loss: 24.63762092590332
Iteration 14000/20000, Loss: 24.62478256225586
Iteration 15000/20000, Loss: 24.860849380493164
Iteration 16000/20000, Loss: 24.649463653564453
Iteration 17000/20000, Loss: 24.72588539123535
Iteration 18000/20000, Loss: 25.06728172302246
Iteration 19000/20000, Loss: 24.681642532348633
No starting point
Iteration 0/20000, Loss: 8870.71875
Iteration 1000/20000, Loss: 40.08125305175781
Iteration 2000/20000, Loss: 39.010013580322266
Iteration 3000/20000, Loss: 37.58228302001953
Iteration 4000/20000, Loss: 35.10285186767578
Iteration 5000/20000, Loss: 31.424659729003906
Iteration 6000/20000, Loss: 26.299331665039062
Iteration 7000/20000, Loss: 20.20167350769043
Iteration 8000/20000, Loss: 13.559200286865234
Iteration 9000/20000, Loss: 8.150981903076172
Iteration 10000/20000, Loss: 5.388644695281982
Iteration 11000/20000, Loss: 3.677737236022949
Iteration 12000/20000, Loss: 2.7172207832336426
Iteration 13000/20000, Loss: 2.73012113571167
Iteration 14000/20000, Loss: 2.924595832824707
Iteration 15000/20000, Loss: 2.9216606616973877
Iteration 16000/20000, Loss: 2.9298410415649414
Iteration 17000/20000, Loss: 2.511474847793579
Iteration 18000/20000, Loss: 2.7763125896453857
Iteration 19000/20000, Loss: 2.7315070629119873
No starting point
Iteration 0/20000, Loss: 8725.541015625
Iteration 1000/20000, Loss: 39.700599670410156
Iteration 2000/20000, Loss: 38.810848236083984
Iteration 3000/20000, Loss: 37.07928466796875
Iteration 4000/20000, Loss: 34.896060943603516
Iteration 5000/20000, Loss: 31.407432556152344
Iteration 6000/20000, Loss: 26.072324752807617
Iteration 7000/20000, Loss: 19.795955657958984
Iteration 8000/20000, Loss: 13.34495735168457
Iteration 9000/20000, Loss: 8.676342010498047
Iteration 10000/20000, Loss: 5.063045501708984
Iteration 11000/20000, Loss: 3.272963523864746
Iteration 12000/20000, Loss: 2.670124053955078
Iteration 13000/20000, Loss: 2.779348134994507
Iteration 14000/20000, Loss: 2.7102010250091553
Iteration 15000/20000, Loss: 2.924062490463257
Iteration 16000/20000, Loss: 2.7808547019958496
Iteration 17000/20000, Loss: 2.827927827835083
Iteration 18000/20000, Loss: 2.7079858779907227
Iteration 19000/20000, Loss: 2.8871920108795166
Saved: /home/malurool/Polarizaci-n/Ozone-Cues-Mitigate-Reflected-Downwelling-Radiance-in-LWIR-Absorption-Based-Ranging/results/IHTest_202104_Path5_Step1_LWHSI1_collect0_DistStA_no_downwelling.npz
=== [2/4] Hyperspectral estimation — WITH downwelling ===
No starting point
Iteration 0/100000, Loss: 6297.42919921875
Iteration 1000/100000, Loss: 19.360933303833008
Iteration 2000/100000, Loss: 17.602291107177734
Iteration 3000/100000, Loss: 15.916069030761719
Iteration 4000/100000, Loss: 14.60781478881836
Iteration 5000/100000, Loss: 13.852561950683594
Iteration 6000/100000, Loss: 13.23093032836914
Iteration 7000/100000, Loss: 12.70179271697998
Iteration 8000/100000, Loss: 12.243561744689941
Iteration 9000/100000, Loss: 11.83852767944336
Iteration 10000/100000, Loss: 11.478992462158203
Iteration 11000/100000, Loss: 11.15488338470459
Iteration 12000/100000, Loss: 10.8629732131958
Iteration 13000/100000, Loss: 10.597437858581543
Iteration 14000/100000, Loss: 10.355266571044922
Iteration 15000/100000, Loss: 10.134015083312988
Iteration 16000/100000, Loss: 9.930814743041992
Iteration 17000/100000, Loss: 9.744261741638184
Iteration 18000/100000, Loss: 9.571775436401367
Iteration 19000/100000, Loss: 9.412775993347168
Iteration 20000/100000, Loss: 9.266463279724121
Iteration 21000/100000, Loss: 9.130352020263672
Iteration 22000/100000, Loss: 9.00448226928711
Iteration 23000/100000, Loss: 8.886343955993652
Iteration 24000/100000, Loss: 8.776252746582031
Iteration 25000/100000, Loss: 8.67413330078125
Iteration 26000/100000, Loss: 8.577696800231934
Iteration 27000/100000, Loss: 8.488479614257812
Iteration 28000/100000, Loss: 8.40402603149414
Iteration 29000/100000, Loss: 8.324201583862305
Iteration 30000/100000, Loss: 8.248746871948242
Iteration 31000/100000, Loss: 8.177659034729004
Iteration 32000/100000, Loss: 8.111408233642578
Iteration 33000/100000, Loss: 8.050337791442871
Iteration 34000/100000, Loss: 7.992876052856445
Iteration 35000/100000, Loss: 7.939478397369385
Iteration 36000/100000, Loss: 7.889061450958252
Iteration 37000/100000, Loss: 7.841696262359619
Iteration 38000/100000, Loss: 7.795706272125244
Iteration 39000/100000, Loss: 7.752206325531006
Iteration 40000/100000, Loss: 7.71123743057251
Iteration 41000/100000, Loss: 7.6731858253479
Iteration 42000/100000, Loss: 7.638047218322754
Iteration 43000/100000, Loss: 7.606244087219238
Iteration 44000/100000, Loss: 7.576338291168213
Iteration 45000/100000, Loss: 7.548756122589111
Iteration 46000/100000, Loss: 7.522749423980713
Iteration 47000/100000, Loss: 7.498503684997559
Iteration 48000/100000, Loss: 7.47540283203125
Iteration 49000/100000, Loss: 7.453421115875244
Iteration 50000/100000, Loss: 7.433816909790039
Iteration 51000/100000, Loss: 7.4147419929504395
Iteration 52000/100000, Loss: 7.396603584289551
Iteration 53000/100000, Loss: 7.380250930786133
Iteration 54000/100000, Loss: 7.365000247955322
Iteration 55000/100000, Loss: 7.350654125213623
Iteration 56000/100000, Loss: 7.337584018707275
Iteration 57000/100000, Loss: 7.324841499328613
Iteration 58000/100000, Loss: 7.313366889953613
Iteration 59000/100000, Loss: 7.302610874176025
Iteration 60000/100000, Loss: 7.29229736328125
Iteration 61000/100000, Loss: 7.2823991775512695
Iteration 62000/100000, Loss: 7.272768020629883
Iteration 63000/100000, Loss: 7.264366149902344
Iteration 64000/100000, Loss: 7.255492687225342
Iteration 65000/100000, Loss: 7.2477569580078125
Iteration 66000/100000, Loss: 7.2398152351379395
Iteration 67000/100000, Loss: 7.232316493988037
Iteration 68000/100000, Loss: 7.224820613861084
Iteration 69000/100000, Loss: 7.218094825744629
Iteration 70000/100000, Loss: 7.211465358734131
Iteration 71000/100000, Loss: 7.204739093780518
Iteration 72000/100000, Loss: 7.198332786560059
Iteration 73000/100000, Loss: 7.191957473754883
Iteration 74000/100000, Loss: 7.185847282409668
Iteration 75000/100000, Loss: 7.179604530334473
Iteration 76000/100000, Loss: 7.173972129821777
Iteration 77000/100000, Loss: 7.168256759643555
Iteration 78000/100000, Loss: 7.162530422210693
Iteration 79000/100000, Loss: 7.157223224639893
Iteration 80000/100000, Loss: 7.151496410369873
Iteration 81000/100000, Loss: 7.14655876159668
Iteration 82000/100000, Loss: 7.141697406768799
Iteration 83000/100000, Loss: 7.136475563049316
Iteration 84000/100000, Loss: 7.131725788116455
Iteration 85000/100000, Loss: 7.126366138458252
Iteration 86000/100000, Loss: 7.122145652770996
Iteration 87000/100000, Loss: 7.117160797119141
Iteration 88000/100000, Loss: 7.1125359535217285
Iteration 89000/100000, Loss: 7.1077880859375
Iteration 90000/100000, Loss: 7.103074073791504
Iteration 91000/100000, Loss: 7.098909854888916
Iteration 92000/100000, Loss: 7.094576835632324
Iteration 93000/100000, Loss: 7.09040641784668
Iteration 94000/100000, Loss: 7.085707187652588
Iteration 95000/100000, Loss: 7.081719398498535
Iteration 96000/100000, Loss: 7.076955795288086
Iteration 97000/100000, Loss: 7.073062896728516
Iteration 98000/100000, Loss: 7.068899631500244
Iteration 99000/100000, Loss: 7.064718246459961
No starting point
Iteration 0/100000, Loss: 6504.1640625
Iteration 1000/100000, Loss: 27.77748680114746
Iteration 2000/100000, Loss: 24.977405548095703
Iteration 3000/100000, Loss: 22.04715919494629
Iteration 4000/100000, Loss: 20.241432189941406
Iteration 5000/100000, Loss: 19.216318130493164
Iteration 6000/100000, Loss: 18.400068283081055
Iteration 7000/100000, Loss: 17.725040435791016
Iteration 8000/100000, Loss: 17.152748107910156
Iteration 9000/100000, Loss: 16.659334182739258
Iteration 10000/100000, Loss: 16.22529411315918
Iteration 11000/100000, Loss: 15.838733673095703
Iteration 12000/100000, Loss: 15.492988586425781
Iteration 13000/100000, Loss: 15.180926322937012
Iteration 14000/100000, Loss: 14.89743709564209
Iteration 15000/100000, Loss: 14.638803482055664
Iteration 16000/100000, Loss: 14.40129280090332
Iteration 17000/100000, Loss: 14.183464050292969
Iteration 18000/100000, Loss: 13.981947898864746
Iteration 19000/100000, Loss: 13.796746253967285
Iteration 20000/100000, Loss: 13.624168395996094
Iteration 21000/100000, Loss: 13.46272087097168
Iteration 22000/100000, Loss: 13.313089370727539
Iteration 23000/100000, Loss: 13.17252254486084
Iteration 24000/100000, Loss: 13.039613723754883
Iteration 25000/100000, Loss: 12.914597511291504
Iteration 26000/100000, Loss: 12.795942306518555
Iteration 27000/100000, Loss: 12.682514190673828
Iteration 28000/100000, Loss: 12.574897766113281
Iteration 29000/100000, Loss: 12.471946716308594
Iteration 30000/100000, Loss: 12.374717712402344
Iteration 31000/100000, Loss: 12.283917427062988
Iteration 32000/100000, Loss: 12.19852352142334
Iteration 33000/100000, Loss: 12.116118431091309
Iteration 34000/100000, Loss: 12.036932945251465
Iteration 35000/100000, Loss: 11.959668159484863
Iteration 36000/100000, Loss: 11.885637283325195
Iteration 37000/100000, Loss: 11.815902709960938
Iteration 38000/100000, Loss: 11.750799179077148
Iteration 39000/100000, Loss: 11.691576957702637
Iteration 40000/100000, Loss: 11.637465476989746
Iteration 41000/100000, Loss: 11.586158752441406
Iteration 42000/100000, Loss: 11.538763999938965
Iteration 43000/100000, Loss: 11.495258331298828
Iteration 44000/100000, Loss: 11.453540802001953
Iteration 45000/100000, Loss: 11.414717674255371
Iteration 46000/100000, Loss: 11.378151893615723
Iteration 47000/100000, Loss: 11.34483528137207
Iteration 48000/100000, Loss: 11.312923431396484
Iteration 49000/100000, Loss: 11.284667015075684
Iteration 50000/100000, Loss: 11.256272315979004
Iteration 51000/100000, Loss: 11.229429244995117
Iteration 52000/100000, Loss: 11.204137802124023
Iteration 53000/100000, Loss: 11.18013858795166
Iteration 54000/100000, Loss: 11.156623840332031
Iteration 55000/100000, Loss: 11.135290145874023
Iteration 56000/100000, Loss: 11.115245819091797
Iteration 57000/100000, Loss: 11.096784591674805
Iteration 58000/100000, Loss: 11.078483581542969
Iteration 59000/100000, Loss: 11.061841011047363
Iteration 60000/100000, Loss: 11.045833587646484
Iteration 61000/100000, Loss: 11.030806541442871
Iteration 62000/100000, Loss: 11.015952110290527
Iteration 63000/100000, Loss: 11.001775741577148
Iteration 64000/100000, Loss: 10.987390518188477
Iteration 65000/100000, Loss: 10.97518253326416
Iteration 66000/100000, Loss: 10.962291717529297
Iteration 67000/100000, Loss: 10.949928283691406
Iteration 68000/100000, Loss: 10.937756538391113
Iteration 69000/100000, Loss: 10.925965309143066
Iteration 70000/100000, Loss: 10.915611267089844
Iteration 71000/100000, Loss: 10.904318809509277
Iteration 72000/100000, Loss: 10.893388748168945
Iteration 73000/100000, Loss: 10.883790016174316
Iteration 74000/100000, Loss: 10.874296188354492
Iteration 75000/100000, Loss: 10.863571166992188
Iteration 76000/100000, Loss: 10.854630470275879
Iteration 77000/100000, Loss: 10.845458030700684
Iteration 78000/100000, Loss: 10.83712100982666
Iteration 79000/100000, Loss: 10.827424049377441
Iteration 80000/100000, Loss: 10.818314552307129
Iteration 81000/100000, Loss: 10.810219764709473
Iteration 82000/100000, Loss: 10.801265716552734
Iteration 83000/100000, Loss: 10.793293952941895
Iteration 84000/100000, Loss: 10.784868240356445
Iteration 85000/100000, Loss: 10.77689266204834
Iteration 86000/100000, Loss: 10.768616676330566
Iteration 87000/100000, Loss: 10.760550498962402
Iteration 88000/100000, Loss: 10.752842903137207
Iteration 89000/100000, Loss: 10.745110511779785
Iteration 90000/100000, Loss: 10.737244606018066
Iteration 91000/100000, Loss: 10.729313850402832
Iteration 92000/100000, Loss: 10.721928596496582
Iteration 93000/100000, Loss: 10.714696884155273
Iteration 94000/100000, Loss: 10.707999229431152
Iteration 95000/100000, Loss: 10.69969654083252
Iteration 96000/100000, Loss: 10.692855834960938
Iteration 97000/100000, Loss: 10.685643196105957
Iteration 98000/100000, Loss: 10.678672790527344
Iteration 99000/100000, Loss: 10.671765327453613
No starting point
Iteration 0/100000, Loss: 8870.71875
Iteration 1000/100000, Loss: 12.26598072052002
Iteration 2000/100000, Loss: 11.019906044006348
Iteration 3000/100000, Loss: 10.013710021972656
Iteration 4000/100000, Loss: 9.174641609191895
Iteration 5000/100000, Loss: 8.460037231445312
Iteration 6000/100000, Loss: 7.841461181640625
Iteration 7000/100000, Loss: 7.300136089324951
Iteration 8000/100000, Loss: 6.822178363800049
Iteration 9000/100000, Loss: 6.397583484649658
Iteration 10000/100000, Loss: 6.01844596862793
Iteration 11000/100000, Loss: 5.678372859954834
Iteration 12000/100000, Loss: 5.372525691986084
Iteration 13000/100000, Loss: 5.096430778503418
Iteration 14000/100000, Loss: 4.846574306488037
Iteration 15000/100000, Loss: 4.620155334472656
Iteration 16000/100000, Loss: 4.414432525634766
Iteration 17000/100000, Loss: 4.227120876312256
Iteration 18000/100000, Loss: 4.056410789489746
Iteration 19000/100000, Loss: 3.900700807571411
Iteration 20000/100000, Loss: 3.758449077606201
Iteration 21000/100000, Loss: 3.6283106803894043
Iteration 22000/100000, Loss: 3.509108304977417
Iteration 23000/100000, Loss: 3.399876594543457
Iteration 24000/100000, Loss: 3.299773693084717
Iteration 25000/100000, Loss: 3.2079849243164062
Iteration 26000/100000, Loss: 3.1237597465515137
Iteration 27000/100000, Loss: 3.0463931560516357
Iteration 28000/100000, Loss: 2.9752743244171143
Iteration 29000/100000, Loss: 2.909876585006714
Iteration 30000/100000, Loss: 2.84971284866333
Iteration 31000/100000, Loss: 2.794353485107422
Iteration 32000/100000, Loss: 2.7434144020080566
Iteration 33000/100000, Loss: 2.6965465545654297
Iteration 34000/100000, Loss: 2.653433322906494
Iteration 35000/100000, Loss: 2.6137495040893555
Iteration 36000/100000, Loss: 2.5772223472595215
Iteration 37000/100000, Loss: 2.5435879230499268
Iteration 38000/100000, Loss: 2.512605667114258
Iteration 39000/100000, Loss: 2.4840681552886963
Iteration 40000/100000, Loss: 2.45780086517334
Iteration 41000/100000, Loss: 2.4336605072021484
Iteration 42000/100000, Loss: 2.411536455154419
Iteration 43000/100000, Loss: 2.391303777694702
Iteration 44000/100000, Loss: 2.3728809356689453
Iteration 45000/100000, Loss: 2.356194496154785
Iteration 46000/100000, Loss: 2.341108560562134
Iteration 47000/100000, Loss: 2.3275082111358643
Iteration 48000/100000, Loss: 2.315274477005005
Iteration 49000/100000, Loss: 2.3043007850646973
Iteration 50000/100000, Loss: 2.294464111328125
Iteration 51000/100000, Loss: 2.2856268882751465
Iteration 52000/100000, Loss: 2.27768611907959
Iteration 53000/100000, Loss: 2.2705283164978027
Iteration 54000/100000, Loss: 2.264056444168091
Iteration 55000/100000, Loss: 2.2581698894500732
Iteration 56000/100000, Loss: 2.2527825832366943
Iteration 57000/100000, Loss: 2.247828483581543
Iteration 58000/100000, Loss: 2.2432548999786377
Iteration 59000/100000, Loss: 2.2390120029449463
Iteration 60000/100000, Loss: 2.235053300857544
Iteration 61000/100000, Loss: 2.231356382369995
Iteration 62000/100000, Loss: 2.2278854846954346
Iteration 63000/100000, Loss: 2.224606990814209
Iteration 64000/100000, Loss: 2.2214999198913574
Iteration 65000/100000, Loss: 2.218543767929077
Iteration 66000/100000, Loss: 2.215721845626831
Iteration 67000/100000, Loss: 2.2130184173583984
Iteration 68000/100000, Loss: 2.210416793823242
Iteration 69000/100000, Loss: 2.207904815673828
Iteration 70000/100000, Loss: 2.205474376678467
Iteration 71000/100000, Loss: 2.2031140327453613
Iteration 72000/100000, Loss: 2.2008190155029297
Iteration 73000/100000, Loss: 2.1985816955566406
Iteration 74000/100000, Loss: 2.196394443511963
Iteration 75000/100000, Loss: 2.1942548751831055
Iteration 76000/100000, Loss: 2.1921584606170654
Iteration 77000/100000, Loss: 2.19010066986084
Iteration 78000/100000, Loss: 2.1880784034729004
Iteration 79000/100000, Loss: 2.1860880851745605
Iteration 80000/100000, Loss: 2.184128761291504
Iteration 81000/100000, Loss: 2.1821975708007812
Iteration 82000/100000, Loss: 2.1802923679351807
Iteration 83000/100000, Loss: 2.1784112453460693
Iteration 84000/100000, Loss: 2.1765553951263428
Iteration 85000/100000, Loss: 2.1747212409973145
Iteration 86000/100000, Loss: 2.1729085445404053
Iteration 87000/100000, Loss: 2.171114921569824
Iteration 88000/100000, Loss: 2.169340133666992
Iteration 89000/100000, Loss: 2.167583703994751
Iteration 90000/100000, Loss: 2.165844202041626
Iteration 91000/100000, Loss: 2.1641221046447754
Iteration 92000/100000, Loss: 2.16241717338562
Iteration 93000/100000, Loss: 2.160729169845581
Iteration 94000/100000, Loss: 2.1590564250946045
Iteration 95000/100000, Loss: 2.1574018001556396
Iteration 96000/100000, Loss: 2.155761957168579
Iteration 97000/100000, Loss: 2.154139757156372
Iteration 98000/100000, Loss: 2.1525323390960693
Iteration 99000/100000, Loss: 2.150942087173462
No starting point
Iteration 0/100000, Loss: 8725.541015625
Iteration 1000/100000, Loss: 12.199283599853516
Iteration 2000/100000, Loss: 11.006482124328613
Iteration 3000/100000, Loss: 10.037189483642578
Iteration 4000/100000, Loss: 9.221380233764648
Iteration 5000/100000, Loss: 8.520333290100098
Iteration 6000/100000, Loss: 7.908937931060791
Iteration 7000/100000, Loss: 7.370890140533447
Iteration 8000/100000, Loss: 6.8937554359436035
Iteration 9000/100000, Loss: 6.468688488006592
Iteration 10000/100000, Loss: 6.088271617889404
Iteration 11000/100000, Loss: 5.746553897857666
Iteration 12000/100000, Loss: 5.438969135284424
Iteration 13000/100000, Loss: 5.161101341247559
Iteration 14000/100000, Loss: 4.909587383270264
Iteration 15000/100000, Loss: 4.681656360626221
Iteration 16000/100000, Loss: 4.474603176116943
Iteration 17000/100000, Loss: 4.286094665527344
Iteration 18000/100000, Loss: 4.114381313323975
Iteration 19000/100000, Loss: 3.9578564167022705
Iteration 20000/100000, Loss: 3.8149778842926025
Iteration 21000/100000, Loss: 3.6843421459198
Iteration 22000/100000, Loss: 3.5647735595703125
Iteration 23000/100000, Loss: 3.4553275108337402
Iteration 24000/100000, Loss: 3.355131149291992
Iteration 25000/100000, Loss: 3.2633540630340576
Iteration 26000/100000, Loss: 3.1792311668395996
Iteration 27000/100000, Loss: 3.102055311203003
Iteration 28000/100000, Loss: 3.0311906337738037
Iteration 29000/100000, Loss: 2.9660801887512207
Iteration 30000/100000, Loss: 2.906252861022949
Iteration 31000/100000, Loss: 2.8512778282165527
Iteration 32000/100000, Loss: 2.8007404804229736
Iteration 33000/100000, Loss: 2.7542712688446045
Iteration 34000/100000, Loss: 2.711543321609497
Iteration 35000/100000, Loss: 2.6722235679626465
Iteration 36000/100000, Loss: 2.6360373497009277
Iteration 37000/100000, Loss: 2.602742910385132
Iteration 38000/100000, Loss: 2.5721020698547363
Iteration 39000/100000, Loss: 2.5438995361328125
Iteration 40000/100000, Loss: 2.5179319381713867
Iteration 41000/100000, Loss: 2.49403977394104
Iteration 42000/100000, Loss: 2.4720723628997803
Iteration 43000/100000, Loss: 2.4518721103668213
Iteration 44000/100000, Loss: 2.433321475982666
Iteration 45000/100000, Loss: 2.4163589477539062
Iteration 46000/100000, Loss: 2.400874614715576
Iteration 47000/100000, Loss: 2.386780023574829
Iteration 48000/100000, Loss: 2.3739633560180664
Iteration 49000/100000, Loss: 2.362325668334961
Iteration 50000/100000, Loss: 2.3517768383026123
Iteration 51000/100000, Loss: 2.3422300815582275
Iteration 52000/100000, Loss: 2.3335838317871094
Iteration 53000/100000, Loss: 2.325734853744507
Iteration 54000/100000, Loss: 2.3186099529266357
Iteration 55000/100000, Loss: 2.31213641166687
Iteration 56000/100000, Loss: 2.3062355518341064
Iteration 57000/100000, Loss: 2.30083966255188
Iteration 58000/100000, Loss: 2.295893669128418
Iteration 59000/100000, Loss: 2.291330337524414
Iteration 60000/100000, Loss: 2.287099838256836
Iteration 61000/100000, Loss: 2.283163547515869
Iteration 62000/100000, Loss: 2.2794761657714844
Iteration 63000/100000, Loss: 2.276010274887085
Iteration 64000/100000, Loss: 2.2727458477020264
Iteration 65000/100000, Loss: 2.2696502208709717
Iteration 66000/100000, Loss: 2.26670241355896
Iteration 67000/100000, Loss: 2.263888359069824
Iteration 68000/100000, Loss: 2.2611777782440186
Iteration 69000/100000, Loss: 2.258568048477173
Iteration 70000/100000, Loss: 2.256049633026123
Iteration 71000/100000, Loss: 2.253600835800171
Iteration 72000/100000, Loss: 2.251220226287842
Iteration 73000/100000, Loss: 2.2489013671875
Iteration 74000/100000, Loss: 2.246630907058716
Iteration 75000/100000, Loss: 2.2444183826446533
Iteration 76000/100000, Loss: 2.2422492504119873
Iteration 77000/100000, Loss: 2.2401223182678223
Iteration 78000/100000, Loss: 2.238032817840576
Iteration 79000/100000, Loss: 2.2359750270843506
Iteration 80000/100000, Loss: 2.2339513301849365
Iteration 81000/100000, Loss: 2.231954336166382
Iteration 82000/100000, Loss: 2.229987382888794
Iteration 83000/100000, Loss: 2.2280492782592773
Iteration 84000/100000, Loss: 2.226137399673462
Iteration 85000/100000, Loss: 2.224245309829712
Iteration 86000/100000, Loss: 2.2223753929138184
Iteration 87000/100000, Loss: 2.220526933670044
Iteration 88000/100000, Loss: 2.218703269958496
Iteration 89000/100000, Loss: 2.216899871826172
Iteration 90000/100000, Loss: 2.215113639831543
Iteration 91000/100000, Loss: 2.213350534439087
Iteration 92000/100000, Loss: 2.2116074562072754
Iteration 93000/100000, Loss: 2.2098801136016846
Iteration 94000/100000, Loss: 2.2081727981567383
Iteration 95000/100000, Loss: 2.206486225128174
Iteration 96000/100000, Loss: 2.2048180103302
Iteration 97000/100000, Loss: 2.203167200088501
Iteration 98000/100000, Loss: 2.201535224914551
Iteration 99000/100000, Loss: 2.199918746948242
Saved: /home/malurool/Polarizaci-n/Ozone-Cues-Mitigate-Reflected-Downwelling-Radiance-in-LWIR-Absorption-Based-Ranging/results/IHTest_202104_Path5_Step1_LWHSI1_collect0_DistStA_downwelling.npz
=== [3/4] Generating hyperspectral figures ===

--- Patch Statistics (Mean ± Std, ignoring NaNs) ---

Calibration Target 1:
  Without downwelling correction: 41.69 ± 3.73 m
  Downwelling correction:         36.62 ± 2.71 m

Calibration Target 2:
  Without downwelling correction: 50.18 ± 3.10 m
  Downwelling correction:         36.80 ± 5.38 m

Tree:
  Without downwelling correction: 144.33 ± 60.66 m
  Downwelling correction:         138.51 ± 8.79 m
