=== [1/4] Hyperspectral estimation — WITHOUT downwelling ===
No starting point
Iteration 0/20000, Loss: 7797.2998046875
Iteration 1000/20000, Loss: 40.9124641418457
Iteration 2000/20000, Loss: 39.47663116455078
Iteration 3000/20000, Loss: 37.83577346801758
Iteration 4000/20000, Loss: 35.95100784301758
Iteration 5000/20000, Loss: 32.832557678222656
Iteration 6000/20000, Loss: 28.196983337402344
Iteration 7000/20000, Loss: 22.919475555419922
Iteration 8000/20000, Loss: 17.741065979003906
Iteration 9000/20000, Loss: 14.350515365600586
Iteration 10000/20000, Loss: 11.024734497070312
Iteration 11000/20000, Loss: 9.485991477966309
Iteration 12000/20000, Loss: 8.926615715026855
Iteration 13000/20000, Loss: 8.889333724975586
Iteration 14000/20000, Loss: 8.963773727416992
Iteration 15000/20000, Loss: 8.887738227844238
Iteration 16000/20000, Loss: 8.859012603759766
Iteration 17000/20000, Loss: 9.14236831665039
Iteration 18000/20000, Loss: 9.058280944824219
Iteration 19000/20000, Loss: 8.583827018737793
No starting point
Iteration 0/20000, Loss: 5254.71337890625
Iteration 1000/20000, Loss: 33.944915771484375
Iteration 2000/20000, Loss: 32.913536071777344
Iteration 3000/20000, Loss: 30.998186111450195
Iteration 4000/20000, Loss: 28.50672149658203
Iteration 5000/20000, Loss: 24.964191436767578
Iteration 6000/20000, Loss: 20.55231475830078
Iteration 7000/20000, Loss: 15.833436012268066
Iteration 8000/20000, Loss: 11.805846214294434
Iteration 9000/20000, Loss: 8.489893913269043
Iteration 10000/20000, Loss: 7.165743350982666
Iteration 11000/20000, Loss: 6.970588684082031
Iteration 12000/20000, Loss: 6.570193767547607
Iteration 13000/20000, Loss: 6.524491786956787
Iteration 14000/20000, Loss: 6.457643032073975
Iteration 15000/20000, Loss: 6.611034870147705
Iteration 16000/20000, Loss: 6.534063339233398
Iteration 17000/20000, Loss: 6.374077796936035
Iteration 18000/20000, Loss: 6.579733371734619
Iteration 19000/20000, Loss: 6.531404495239258
No starting point
Iteration 0/20000, Loss: 10573.65625
Iteration 1000/20000, Loss: 45.39828109741211
Iteration 2000/20000, Loss: 45.38888168334961
Iteration 3000/20000, Loss: 43.231990814208984
Iteration 4000/20000, Loss: 40.6890869140625
Iteration 5000/20000, Loss: 37.25236129760742
Iteration 6000/20000, Loss: 37.309017181396484
Iteration 7000/20000, Loss: 26.409753799438477
Iteration 8000/20000, Loss: 20.213424682617188
Iteration 9000/20000, Loss: 15.477773666381836
Iteration 10000/20000, Loss: 11.922496795654297
Iteration 11000/20000, Loss: 9.935504913330078
Iteration 12000/20000, Loss: 9.613077163696289
Iteration 13000/20000, Loss: 9.434578895568848
Iteration 14000/20000, Loss: 9.429740905761719
Iteration 15000/20000, Loss: 9.34536075592041
Iteration 16000/20000, Loss: 9.366978645324707
Iteration 17000/20000, Loss: 9.097803115844727
Iteration 18000/20000, Loss: 9.255309104919434
Iteration 19000/20000, Loss: 9.291333198547363
No starting point
Iteration 0/20000, Loss: 8688.8681640625
Iteration 1000/20000, Loss: 39.871952056884766
Iteration 2000/20000, Loss: 38.710662841796875
Iteration 3000/20000, Loss: 36.83687210083008
Iteration 4000/20000, Loss: 34.52677536010742
Iteration 5000/20000, Loss: 30.94768524169922
Iteration 6000/20000, Loss: 26.144224166870117
Iteration 7000/20000, Loss: 20.429304122924805
Iteration 8000/20000, Loss: 14.396723747253418
Iteration 9000/20000, Loss: 9.351777076721191
Iteration 10000/20000, Loss: 6.288969993591309
Iteration 11000/20000, Loss: 4.819729328155518
Iteration 12000/20000, Loss: 4.324464321136475
Iteration 13000/20000, Loss: 4.19185209274292
Iteration 14000/20000, Loss: 4.171008586883545
Iteration 15000/20000, Loss: 4.207292079925537
Iteration 16000/20000, Loss: 4.340177536010742
Iteration 17000/20000, Loss: 4.226137638092041
Iteration 18000/20000, Loss: 4.319605827331543
Iteration 19000/20000, Loss: 4.3203630447387695
Saved: /home/malurool/Polarizaci-n/Ozone-Cues-Mitigate-Reflected-Downwelling-Radiance-in-LWIR-Absorption-Based-Ranging/results/IHTest_202104_Path5_Step1_LWHSI1_collect0_DistStA_no_downwelling.npz
=== [2/4] Hyperspectral estimation — WITH downwelling ===
No starting point
Iteration 0/100000, Loss: 7797.2998046875
Iteration 1000/100000, Loss: 15.71713924407959
Iteration 2000/100000, Loss: 14.35936164855957
Iteration 3000/100000, Loss: 13.216565132141113
Iteration 4000/100000, Loss: 12.242412567138672
Iteration 5000/100000, Loss: 11.519052505493164
Iteration 6000/100000, Loss: 10.953426361083984
Iteration 7000/100000, Loss: 10.452442169189453
Iteration 8000/100000, Loss: 10.010403633117676
Iteration 9000/100000, Loss: 9.62588119506836
Iteration 10000/100000, Loss: 9.283102989196777
Iteration 11000/100000, Loss: 8.975613594055176
Iteration 12000/100000, Loss: 8.698135375976562
Iteration 13000/100000, Loss: 8.446916580200195
Iteration 14000/100000, Loss: 8.219342231750488
Iteration 15000/100000, Loss: 8.011617660522461
Iteration 16000/100000, Loss: 7.821910381317139
Iteration 17000/100000, Loss: 7.647848606109619
Iteration 18000/100000, Loss: 7.488120079040527
Iteration 19000/100000, Loss: 7.341909408569336
Iteration 20000/100000, Loss: 7.206820011138916
Iteration 21000/100000, Loss: 7.082193851470947
Iteration 22000/100000, Loss: 6.96735143661499
Iteration 23000/100000, Loss: 6.861175537109375
Iteration 24000/100000, Loss: 6.762809753417969
Iteration 25000/100000, Loss: 6.671701908111572
Iteration 26000/100000, Loss: 6.58766508102417
Iteration 27000/100000, Loss: 6.509218692779541
Iteration 28000/100000, Loss: 6.436252117156982
Iteration 29000/100000, Loss: 6.36851167678833
Iteration 30000/100000, Loss: 6.305577754974365
Iteration 31000/100000, Loss: 6.2467265129089355
Iteration 32000/100000, Loss: 6.191987037658691
Iteration 33000/100000, Loss: 6.140501022338867
Iteration 34000/100000, Loss: 6.092231750488281
Iteration 35000/100000, Loss: 6.047605514526367
Iteration 36000/100000, Loss: 6.006061553955078
Iteration 37000/100000, Loss: 5.967340469360352
Iteration 38000/100000, Loss: 5.9318461418151855
Iteration 39000/100000, Loss: 5.899119853973389
Iteration 40000/100000, Loss: 5.868741512298584
Iteration 41000/100000, Loss: 5.840354919433594
Iteration 42000/100000, Loss: 5.813573837280273
Iteration 43000/100000, Loss: 5.788320541381836
Iteration 44000/100000, Loss: 5.764739990234375
Iteration 45000/100000, Loss: 5.742351055145264
Iteration 46000/100000, Loss: 5.7215399742126465
Iteration 47000/100000, Loss: 5.702374458312988
Iteration 48000/100000, Loss: 5.6842851638793945
Iteration 49000/100000, Loss: 5.667909622192383
Iteration 50000/100000, Loss: 5.6527557373046875
Iteration 51000/100000, Loss: 5.638885021209717
Iteration 52000/100000, Loss: 5.625849723815918
Iteration 53000/100000, Loss: 5.613891124725342
Iteration 54000/100000, Loss: 5.602686882019043
Iteration 55000/100000, Loss: 5.592215538024902
Iteration 56000/100000, Loss: 5.58220911026001
Iteration 57000/100000, Loss: 5.572923183441162
Iteration 58000/100000, Loss: 5.564296245574951
Iteration 59000/100000, Loss: 5.556053161621094
Iteration 60000/100000, Loss: 5.548534870147705
Iteration 61000/100000, Loss: 5.541374206542969
Iteration 62000/100000, Loss: 5.534472465515137
Iteration 63000/100000, Loss: 5.528293132781982
Iteration 64000/100000, Loss: 5.522388458251953
Iteration 65000/100000, Loss: 5.516725063323975
Iteration 66000/100000, Loss: 5.511441230773926
Iteration 67000/100000, Loss: 5.506579399108887
Iteration 68000/100000, Loss: 5.50174617767334
Iteration 69000/100000, Loss: 5.49717378616333
Iteration 70000/100000, Loss: 5.492739200592041
Iteration 71000/100000, Loss: 5.488514423370361
Iteration 72000/100000, Loss: 5.484595775604248
Iteration 73000/100000, Loss: 5.480575084686279
Iteration 74000/100000, Loss: 5.4767537117004395
Iteration 75000/100000, Loss: 5.473098278045654
Iteration 76000/100000, Loss: 5.469367980957031
Iteration 77000/100000, Loss: 5.466005325317383
Iteration 78000/100000, Loss: 5.462556838989258
Iteration 79000/100000, Loss: 5.459133625030518
Iteration 80000/100000, Loss: 5.455749988555908
Iteration 81000/100000, Loss: 5.4524688720703125
Iteration 82000/100000, Loss: 5.449461460113525
Iteration 83000/100000, Loss: 5.446226119995117
Iteration 84000/100000, Loss: 5.443190097808838
Iteration 85000/100000, Loss: 5.440258502960205
Iteration 86000/100000, Loss: 5.437203884124756
Iteration 87000/100000, Loss: 5.434227466583252
Iteration 88000/100000, Loss: 5.431334972381592
Iteration 89000/100000, Loss: 5.428483486175537
Iteration 90000/100000, Loss: 5.425724029541016
Iteration 91000/100000, Loss: 5.422984600067139
Iteration 92000/100000, Loss: 5.420190811157227
Iteration 93000/100000, Loss: 5.417581558227539
Iteration 94000/100000, Loss: 5.414922714233398
Iteration 95000/100000, Loss: 5.412294387817383
Iteration 96000/100000, Loss: 5.4096269607543945
Iteration 97000/100000, Loss: 5.406975269317627
Iteration 98000/100000, Loss: 5.404496669769287
Iteration 99000/100000, Loss: 5.402048110961914
No starting point
Iteration 0/100000, Loss: 5254.71337890625
Iteration 1000/100000, Loss: 13.95368766784668
Iteration 2000/100000, Loss: 12.809672355651855
Iteration 3000/100000, Loss: 11.811467170715332
Iteration 4000/100000, Loss: 10.938125610351562
Iteration 5000/100000, Loss: 10.288007736206055
Iteration 6000/100000, Loss: 9.75751781463623
Iteration 7000/100000, Loss: 9.286805152893066
Iteration 8000/100000, Loss: 8.8629150390625
Iteration 9000/100000, Loss: 8.47885513305664
Iteration 10000/100000, Loss: 8.128351211547852
Iteration 11000/100000, Loss: 7.807927131652832
Iteration 12000/100000, Loss: 7.513538837432861
Iteration 13000/100000, Loss: 7.242371082305908
Iteration 14000/100000, Loss: 6.992412567138672
Iteration 15000/100000, Loss: 6.761521339416504
Iteration 16000/100000, Loss: 6.5477681159973145
Iteration 17000/100000, Loss: 6.349827289581299
Iteration 18000/100000, Loss: 6.166520118713379
Iteration 19000/100000, Loss: 5.996697902679443
Iteration 20000/100000, Loss: 5.8390350341796875
Iteration 21000/100000, Loss: 5.692813873291016
Iteration 22000/100000, Loss: 5.556883335113525
Iteration 23000/100000, Loss: 5.4301557540893555
Iteration 24000/100000, Loss: 5.312718868255615
Iteration 25000/100000, Loss: 5.20353889465332
Iteration 26000/100000, Loss: 5.101397514343262
Iteration 27000/100000, Loss: 5.006720542907715
Iteration 28000/100000, Loss: 4.918628215789795
Iteration 29000/100000, Loss: 4.836246967315674
Iteration 30000/100000, Loss: 4.7595295906066895
Iteration 31000/100000, Loss: 4.6876935958862305
Iteration 32000/100000, Loss: 4.621010780334473
Iteration 33000/100000, Loss: 4.55820369720459
Iteration 34000/100000, Loss: 4.4997968673706055
Iteration 35000/100000, Loss: 4.445194244384766
Iteration 36000/100000, Loss: 4.394806861877441
Iteration 37000/100000, Loss: 4.34804105758667
Iteration 38000/100000, Loss: 4.3048176765441895
Iteration 39000/100000, Loss: 4.264547824859619
Iteration 40000/100000, Loss: 4.227273941040039
Iteration 41000/100000, Loss: 4.192509174346924
Iteration 42000/100000, Loss: 4.16005277633667
Iteration 43000/100000, Loss: 4.1299333572387695
Iteration 44000/100000, Loss: 4.102222442626953
Iteration 45000/100000, Loss: 4.076416969299316
Iteration 46000/100000, Loss: 4.052946090698242
Iteration 47000/100000, Loss: 4.032116889953613
Iteration 48000/100000, Loss: 4.01368522644043
Iteration 49000/100000, Loss: 3.99698543548584
Iteration 50000/100000, Loss: 3.982522487640381
Iteration 51000/100000, Loss: 3.969456672668457
Iteration 52000/100000, Loss: 3.958301305770874
Iteration 53000/100000, Loss: 3.9481327533721924
Iteration 54000/100000, Loss: 3.9389662742614746
Iteration 55000/100000, Loss: 3.9310660362243652
Iteration 56000/100000, Loss: 3.923460006713867
Iteration 57000/100000, Loss: 3.916938304901123
Iteration 58000/100000, Loss: 3.910839319229126
Iteration 59000/100000, Loss: 3.9052798748016357
Iteration 60000/100000, Loss: 3.900249481201172
Iteration 61000/100000, Loss: 3.895770788192749
Iteration 62000/100000, Loss: 3.891537666320801
Iteration 63000/100000, Loss: 3.887439727783203
Iteration 64000/100000, Loss: 3.883777618408203
Iteration 65000/100000, Loss: 3.8799877166748047
Iteration 66000/100000, Loss: 3.8768744468688965
Iteration 67000/100000, Loss: 3.8735244274139404
Iteration 68000/100000, Loss: 3.8703393936157227
Iteration 69000/100000, Loss: 3.867455244064331
Iteration 70000/100000, Loss: 3.864625930786133
Iteration 71000/100000, Loss: 3.8617682456970215
Iteration 72000/100000, Loss: 3.8591055870056152
Iteration 73000/100000, Loss: 3.8564538955688477
Iteration 74000/100000, Loss: 3.8539535999298096
Iteration 75000/100000, Loss: 3.851466655731201
Iteration 76000/100000, Loss: 3.8489797115325928
Iteration 77000/100000, Loss: 3.8465492725372314
Iteration 78000/100000, Loss: 3.8444385528564453
Iteration 79000/100000, Loss: 3.841848850250244
Iteration 80000/100000, Loss: 3.8396480083465576
Iteration 81000/100000, Loss: 3.837472438812256
Iteration 82000/100000, Loss: 3.8352956771850586
Iteration 83000/100000, Loss: 3.832981586456299
Iteration 84000/100000, Loss: 3.830923080444336
Iteration 85000/100000, Loss: 3.8288135528564453
Iteration 86000/100000, Loss: 3.8264830112457275
Iteration 87000/100000, Loss: 3.824490785598755
Iteration 88000/100000, Loss: 3.8223955631256104
Iteration 89000/100000, Loss: 3.8204293251037598
Iteration 90000/100000, Loss: 3.8182666301727295
Iteration 91000/100000, Loss: 3.816321849822998
Iteration 92000/100000, Loss: 3.8143680095672607
Iteration 93000/100000, Loss: 3.8123531341552734
Iteration 94000/100000, Loss: 3.8103389739990234
Iteration 95000/100000, Loss: 3.8083372116088867
Iteration 96000/100000, Loss: 3.80643892288208
Iteration 97000/100000, Loss: 3.8046042919158936
Iteration 98000/100000, Loss: 3.802835702896118
Iteration 99000/100000, Loss: 3.8007588386535645
No starting point
Iteration 0/100000, Loss: 10573.65625
Iteration 1000/100000, Loss: 18.76485252380371
Iteration 2000/100000, Loss: 17.35798454284668
Iteration 3000/100000, Loss: 16.168533325195312
Iteration 4000/100000, Loss: 15.079418182373047
Iteration 5000/100000, Loss: 14.02612590789795
Iteration 6000/100000, Loss: 12.983516693115234
Iteration 7000/100000, Loss: 11.932271957397461
Iteration 8000/100000, Loss: 10.92276382446289
Iteration 9000/100000, Loss: 10.199560165405273
Iteration 10000/100000, Loss: 9.616053581237793
Iteration 11000/100000, Loss: 9.123117446899414
Iteration 12000/100000, Loss: 8.703067779541016
Iteration 13000/100000, Loss: 8.341800689697266
Iteration 14000/100000, Loss: 8.029593467712402
Iteration 15000/100000, Loss: 7.757782936096191
Iteration 16000/100000, Loss: 7.520861625671387
Iteration 17000/100000, Loss: 7.311802864074707
Iteration 18000/100000, Loss: 7.127292156219482
Iteration 19000/100000, Loss: 6.963618755340576
Iteration 20000/100000, Loss: 6.817231178283691
Iteration 21000/100000, Loss: 6.6864094734191895
Iteration 22000/100000, Loss: 6.568552017211914
Iteration 23000/100000, Loss: 6.462342262268066
Iteration 24000/100000, Loss: 6.366355895996094
Iteration 25000/100000, Loss: 6.27891731262207
Iteration 26000/100000, Loss: 6.199328899383545
Iteration 27000/100000, Loss: 6.126560211181641
Iteration 28000/100000, Loss: 6.0598530769348145
Iteration 29000/100000, Loss: 5.998630046844482
Iteration 30000/100000, Loss: 5.942409992218018
Iteration 31000/100000, Loss: 5.890740394592285
Iteration 32000/100000, Loss: 5.843254089355469
Iteration 33000/100000, Loss: 5.799548149108887
Iteration 34000/100000, Loss: 5.759322166442871
Iteration 35000/100000, Loss: 5.722292423248291
Iteration 36000/100000, Loss: 5.688140869140625
Iteration 37000/100000, Loss: 5.656652450561523
Iteration 38000/100000, Loss: 5.627564907073975
Iteration 39000/100000, Loss: 5.600682735443115
Iteration 40000/100000, Loss: 5.575828552246094
Iteration 41000/100000, Loss: 5.552883625030518
Iteration 42000/100000, Loss: 5.531678199768066
Iteration 43000/100000, Loss: 5.512144565582275
Iteration 44000/100000, Loss: 5.494163990020752
Iteration 45000/100000, Loss: 5.477676868438721
Iteration 46000/100000, Loss: 5.462567329406738
Iteration 47000/100000, Loss: 5.448791027069092
Iteration 48000/100000, Loss: 5.436279296875
Iteration 49000/100000, Loss: 5.424844264984131
Iteration 50000/100000, Loss: 5.414514064788818
Iteration 51000/100000, Loss: 5.405178070068359
Iteration 52000/100000, Loss: 5.3966851234436035
Iteration 53000/100000, Loss: 5.388981819152832
Iteration 54000/100000, Loss: 5.3819780349731445
Iteration 55000/100000, Loss: 5.375598430633545
Iteration 56000/100000, Loss: 5.369744777679443
Iteration 57000/100000, Loss: 5.36436128616333
Iteration 58000/100000, Loss: 5.359379291534424
Iteration 59000/100000, Loss: 5.354766845703125
Iteration 60000/100000, Loss: 5.350476264953613
Iteration 61000/100000, Loss: 5.346458911895752
Iteration 62000/100000, Loss: 5.3427042961120605
Iteration 63000/100000, Loss: 5.33915901184082
Iteration 64000/100000, Loss: 5.335786819458008
Iteration 65000/100000, Loss: 5.332588195800781
Iteration 66000/100000, Loss: 5.329551696777344
Iteration 67000/100000, Loss: 5.326647758483887
Iteration 68000/100000, Loss: 5.323849678039551
Iteration 69000/100000, Loss: 5.321172714233398
Iteration 70000/100000, Loss: 5.318570137023926
Iteration 71000/100000, Loss: 5.3160719871521
Iteration 72000/100000, Loss: 5.313638210296631
Iteration 73000/100000, Loss: 5.311285972595215
Iteration 74000/100000, Loss: 5.308995723724365
Iteration 75000/100000, Loss: 5.306763172149658
Iteration 76000/100000, Loss: 5.304591655731201
Iteration 77000/100000, Loss: 5.302473545074463
Iteration 78000/100000, Loss: 5.300392150878906
Iteration 79000/100000, Loss: 5.298367500305176
Iteration 80000/100000, Loss: 5.2963714599609375
Iteration 81000/100000, Loss: 5.294417858123779
Iteration 82000/100000, Loss: 5.292503833770752
Iteration 83000/100000, Loss: 5.290604591369629
Iteration 84000/100000, Loss: 5.288763046264648
Iteration 85000/100000, Loss: 5.286941051483154
Iteration 86000/100000, Loss: 5.285145282745361
Iteration 87000/100000, Loss: 5.283383846282959
Iteration 88000/100000, Loss: 5.281640529632568
Iteration 89000/100000, Loss: 5.2799224853515625
Iteration 90000/100000, Loss: 5.278229236602783
Iteration 91000/100000, Loss: 5.2765727043151855
Iteration 92000/100000, Loss: 5.274929046630859
Iteration 93000/100000, Loss: 5.273301601409912
Iteration 94000/100000, Loss: 5.2717108726501465
Iteration 95000/100000, Loss: 5.270132541656494
Iteration 96000/100000, Loss: 5.268569469451904
Iteration 97000/100000, Loss: 5.267023086547852
Iteration 98000/100000, Loss: 5.265498638153076
Iteration 99000/100000, Loss: 5.263990879058838
No starting point
Iteration 0/100000, Loss: 8688.8681640625
Iteration 1000/100000, Loss: 13.757872581481934
Iteration 2000/100000, Loss: 12.473275184631348
Iteration 3000/100000, Loss: 11.448378562927246
Iteration 4000/100000, Loss: 10.578973770141602
Iteration 5000/100000, Loss: 9.810064315795898
Iteration 6000/100000, Loss: 9.110284805297852
Iteration 7000/100000, Loss: 8.458159446716309
Iteration 8000/100000, Loss: 7.85658073425293
Iteration 9000/100000, Loss: 7.357450485229492
Iteration 10000/100000, Loss: 6.928776264190674
Iteration 11000/100000, Loss: 6.550212860107422
Iteration 12000/100000, Loss: 6.214206695556641
Iteration 13000/100000, Loss: 5.913850784301758
Iteration 14000/100000, Loss: 5.644567966461182
Iteration 15000/100000, Loss: 5.402700901031494
Iteration 16000/100000, Loss: 5.183781623840332
Iteration 17000/100000, Loss: 4.985844612121582
Iteration 18000/100000, Loss: 4.806102275848389
Iteration 19000/100000, Loss: 4.64254093170166
Iteration 20000/100000, Loss: 4.493321895599365
Iteration 21000/100000, Loss: 4.357062339782715
Iteration 22000/100000, Loss: 4.2323455810546875
Iteration 23000/100000, Loss: 4.117988586425781
Iteration 24000/100000, Loss: 4.013108253479004
Iteration 25000/100000, Loss: 3.9167466163635254
Iteration 26000/100000, Loss: 3.828151226043701
Iteration 27000/100000, Loss: 3.7465951442718506
Iteration 28000/100000, Loss: 3.671421527862549
Iteration 29000/100000, Loss: 3.602065324783325
Iteration 30000/100000, Loss: 3.53804612159729
Iteration 31000/100000, Loss: 3.478947877883911
Iteration 32000/100000, Loss: 3.4243531227111816
Iteration 33000/100000, Loss: 3.3738884925842285
Iteration 34000/100000, Loss: 3.32723331451416
Iteration 35000/100000, Loss: 3.2840890884399414
Iteration 36000/100000, Loss: 3.244152069091797
Iteration 37000/100000, Loss: 3.207228899002075
Iteration 38000/100000, Loss: 3.173095941543579
Iteration 39000/100000, Loss: 3.141564130783081
Iteration 40000/100000, Loss: 3.1124939918518066
Iteration 41000/100000, Loss: 3.0857367515563965
Iteration 42000/100000, Loss: 3.061208963394165
Iteration 43000/100000, Loss: 3.0388569831848145
Iteration 44000/100000, Loss: 3.018585681915283
Iteration 45000/100000, Loss: 3.0003111362457275
Iteration 46000/100000, Loss: 2.9839446544647217
Iteration 47000/100000, Loss: 2.969348192214966
Iteration 48000/100000, Loss: 2.956378936767578
Iteration 49000/100000, Loss: 2.9448647499084473
Iteration 50000/100000, Loss: 2.934631109237671
Iteration 51000/100000, Loss: 2.9254956245422363
Iteration 52000/100000, Loss: 2.9173474311828613
Iteration 53000/100000, Loss: 2.9100558757781982
Iteration 54000/100000, Loss: 2.9035093784332275
Iteration 55000/100000, Loss: 2.897597551345825
Iteration 56000/100000, Loss: 2.8922464847564697
Iteration 57000/100000, Loss: 2.887375831604004
Iteration 58000/100000, Loss: 2.88291597366333
Iteration 59000/100000, Loss: 2.878812313079834
Iteration 60000/100000, Loss: 2.875005006790161
Iteration 61000/100000, Loss: 2.8714730739593506
Iteration 62000/100000, Loss: 2.8681983947753906
Iteration 63000/100000, Loss: 2.8650872707366943
Iteration 64000/100000, Loss: 2.8621671199798584
Iteration 65000/100000, Loss: 2.859403371810913
Iteration 66000/100000, Loss: 2.8567662239074707
Iteration 67000/100000, Loss: 2.854273557662964
Iteration 68000/100000, Loss: 2.8518688678741455
Iteration 69000/100000, Loss: 2.8495516777038574
Iteration 70000/100000, Loss: 2.847322702407837
Iteration 71000/100000, Loss: 2.8451600074768066
Iteration 72000/100000, Loss: 2.843082904815674
Iteration 73000/100000, Loss: 2.841050863265991
Iteration 74000/100000, Loss: 2.8390729427337646
Iteration 75000/100000, Loss: 2.8371481895446777
Iteration 76000/100000, Loss: 2.8352651596069336
Iteration 77000/100000, Loss: 2.833430528640747
Iteration 78000/100000, Loss: 2.8316166400909424
Iteration 79000/100000, Loss: 2.8298487663269043
Iteration 80000/100000, Loss: 2.828112840652466
Iteration 81000/100000, Loss: 2.826416015625
Iteration 82000/100000, Loss: 2.824725866317749
Iteration 83000/100000, Loss: 2.823061466217041
Iteration 84000/100000, Loss: 2.821444272994995
Iteration 85000/100000, Loss: 2.8198347091674805
Iteration 86000/100000, Loss: 2.8182497024536133
Iteration 87000/100000, Loss: 2.816685914993286
Iteration 88000/100000, Loss: 2.8151450157165527
Iteration 89000/100000, Loss: 2.8136184215545654
Iteration 90000/100000, Loss: 2.8121070861816406
Iteration 91000/100000, Loss: 2.810628652572632
Iteration 92000/100000, Loss: 2.8091559410095215
Iteration 93000/100000, Loss: 2.8076908588409424
Iteration 94000/100000, Loss: 2.8062596321105957
Iteration 95000/100000, Loss: 2.8048417568206787
Iteration 96000/100000, Loss: 2.8034286499023438
Iteration 97000/100000, Loss: 2.8020405769348145
Iteration 98000/100000, Loss: 2.8006646633148193
Iteration 99000/100000, Loss: 2.799304962158203
Saved: /home/malurool/Polarizaci-n/Ozone-Cues-Mitigate-Reflected-Downwelling-Radiance-in-LWIR-Absorption-Based-Ranging/results/IHTest_202104_Path5_Step1_LWHSI1_collect0_DistStA_downwelling.npz
=== [3/4] Generating hyperspectral figures ===

--- Patch Statistics (Mean ± Std, ignoring NaNs) ---

Calibration Target 1:
  Without downwelling correction: 46.38 ± 11.21 m
  Downwelling correction:         34.69 ± 7.21 m

Calibration Target 2:
  Without downwelling correction: 52.35 ± 4.39 m
  Downwelling correction:         42.68 ± 3.40 m

Tree:
  Without downwelling correction: 95.84 ± 3.48 m
  Downwelling correction:         73.72 ± 7.14 m
=== [4/4] Generating ablation figures ===
Loading data...
Computing bispectral depth...
Computing quadspectral depth...
Loading hyperspectral results...
Generating depth grid figure...
Generating CDF figure...
Generating box-plot by zone...
Generating depth profile figure...
Generating per-pixel radiance analysis...
Generating pixel overlay maps...

── Depth estimation summary ──────────────────────────────────────
Method                           RMSE (m)    MAE (m)
----------------------------------------------------
Bispectral                         270.07     124.85
Quadspectral                       348.62     110.67
Hyperspectral (no dw)               33.94      20.07
Hyperspectral (w/ dw)               28.46      15.98

Figures saved to: /home/malurool/Polarizaci-n/Ozone-Cues-Mitigate-Reflected-Downwelling-Radiance-in-LWIR-Absorption-Based-Ranging/Figures/Ablation

=== Pipeline complete ===
  Results : /home/malurool/Polarizaci-n/Ozone-Cues-Mitigate-Reflected-Downwelling-Radiance-in-LWIR-Absorption-Based-Ranging/results/
  Figures : /home/malurool/Polarizaci-n/Ozone-Cues-Mitigate-Reflected-Downwelling-Radiance-in-LWIR-Absorption-Based-Ranging/Figures/
