=== [1/5] Hyperspectral estimation — WITHOUT downwelling ===
No starting point
Iteration 0/20000, Loss: 7797.2998046875
Iteration 1000/20000, Loss: 40.590797424316406
Iteration 2000/20000, Loss: 39.92938995361328
Iteration 3000/20000, Loss: 38.49217224121094
Iteration 4000/20000, Loss: 35.64204406738281
Iteration 5000/20000, Loss: 32.34458923339844
Iteration 6000/20000, Loss: 28.803890228271484
Iteration 7000/20000, Loss: 22.69729232788086
Iteration 8000/20000, Loss: 17.759727478027344
Iteration 9000/20000, Loss: 13.852927207946777
Iteration 10000/20000, Loss: 10.654064178466797
Iteration 11000/20000, Loss: 9.42919635772705
Iteration 12000/20000, Loss: 8.851828575134277
Iteration 13000/20000, Loss: 8.960149765014648
Iteration 14000/20000, Loss: 8.816424369812012
Iteration 15000/20000, Loss: 8.759965896606445
Iteration 16000/20000, Loss: 8.894462585449219
Iteration 17000/20000, Loss: 8.859001159667969
Iteration 18000/20000, Loss: 8.803712844848633
Iteration 19000/20000, Loss: 8.868110656738281
No starting point
Iteration 0/20000, Loss: 5254.71337890625
Iteration 1000/20000, Loss: 33.90314483642578
Iteration 2000/20000, Loss: 32.81864929199219
Iteration 3000/20000, Loss: 31.04477310180664
Iteration 4000/20000, Loss: 28.678058624267578
Iteration 5000/20000, Loss: 25.237873077392578
Iteration 6000/20000, Loss: 20.49286651611328
Iteration 7000/20000, Loss: 15.800736427307129
Iteration 8000/20000, Loss: 11.496650695800781
Iteration 9000/20000, Loss: 8.798149108886719
Iteration 10000/20000, Loss: 7.318861961364746
Iteration 11000/20000, Loss: 6.475809574127197
Iteration 12000/20000, Loss: 6.516706943511963
Iteration 13000/20000, Loss: 6.632271766662598
Iteration 14000/20000, Loss: 6.523996353149414
Iteration 15000/20000, Loss: 6.531215667724609
Iteration 16000/20000, Loss: 6.423304557800293
Iteration 17000/20000, Loss: 6.541347026824951
Iteration 18000/20000, Loss: 6.355025768280029
Iteration 19000/20000, Loss: 6.481014251708984
No starting point
Iteration 0/20000, Loss: 10573.65625
Iteration 1000/20000, Loss: 45.67569351196289
Iteration 2000/20000, Loss: 44.503578186035156
Iteration 3000/20000, Loss: 43.082435607910156
Iteration 4000/20000, Loss: 40.79461669921875
Iteration 5000/20000, Loss: 37.207725524902344
Iteration 6000/20000, Loss: 33.04814529418945
Iteration 7000/20000, Loss: 26.85401153564453
Iteration 8000/20000, Loss: 20.20065689086914
Iteration 9000/20000, Loss: 15.030948638916016
Iteration 10000/20000, Loss: 11.818535804748535
Iteration 11000/20000, Loss: 10.285676956176758
Iteration 12000/20000, Loss: 9.307530403137207
Iteration 13000/20000, Loss: 9.287544250488281
Iteration 14000/20000, Loss: 9.429259300231934
Iteration 15000/20000, Loss: 9.371671676635742
Iteration 16000/20000, Loss: 9.359519958496094
Iteration 17000/20000, Loss: 9.452203750610352
Iteration 18000/20000, Loss: 9.332113265991211
Iteration 19000/20000, Loss: 9.18845272064209
No starting point
Iteration 0/20000, Loss: 8688.8681640625
Iteration 1000/20000, Loss: 39.840736389160156
Iteration 2000/20000, Loss: 38.73290252685547
Iteration 3000/20000, Loss: 37.321510314941406
Iteration 4000/20000, Loss: 34.64929962158203
Iteration 5000/20000, Loss: 31.217601776123047
Iteration 6000/20000, Loss: 26.16162872314453
Iteration 7000/20000, Loss: 20.310935974121094
Iteration 8000/20000, Loss: 14.0718994140625
Iteration 9000/20000, Loss: 9.46308708190918
Iteration 10000/20000, Loss: 6.206997871398926
Iteration 11000/20000, Loss: 4.8261942863464355
Iteration 12000/20000, Loss: 4.051521301269531
Iteration 13000/20000, Loss: 3.8768773078918457
Iteration 14000/20000, Loss: 4.274547576904297
Iteration 15000/20000, Loss: 4.297378063201904
Iteration 16000/20000, Loss: 4.334243297576904
Iteration 17000/20000, Loss: 4.533665657043457
Iteration 18000/20000, Loss: 4.343556880950928
Iteration 19000/20000, Loss: 3.985502004623413
Saved: /home/malurool/Polarizaci-n/Ozone-Cues-Mitigate-Reflected-Downwelling-Radiance-in-LWIR-Absorption-Based-Ranging/results/IHTest_202104_Path5_Step1_LWHSI1_collect0_DistStA_no_downwelling.npz
=== [2/5] Hyperspectral estimation — WITH downwelling (no TV) ===
No starting point
Iteration 0/100000, Loss: 7797.2998046875
Iteration 1000/100000, Loss: 15.716760635375977
Iteration 2000/100000, Loss: 14.358928680419922
Iteration 3000/100000, Loss: 13.216151237487793
Iteration 4000/100000, Loss: 12.241912841796875
Iteration 5000/100000, Loss: 11.518465995788574
Iteration 6000/100000, Loss: 10.952670097351074
Iteration 7000/100000, Loss: 10.451751708984375
Iteration 8000/100000, Loss: 10.009490966796875
Iteration 9000/100000, Loss: 9.62495231628418
Iteration 10000/100000, Loss: 9.282123565673828
Iteration 11000/100000, Loss: 8.974959373474121
Iteration 12000/100000, Loss: 8.69718074798584
Iteration 13000/100000, Loss: 8.446210861206055
Iteration 14000/100000, Loss: 8.21826171875
Iteration 15000/100000, Loss: 8.010537147521973
Iteration 16000/100000, Loss: 7.820723533630371
Iteration 17000/100000, Loss: 7.646879196166992
Iteration 18000/100000, Loss: 7.487264633178711
Iteration 19000/100000, Loss: 7.340849876403809
Iteration 20000/100000, Loss: 7.205786228179932
Iteration 21000/100000, Loss: 7.081355094909668
Iteration 22000/100000, Loss: 6.966460227966309
Iteration 23000/100000, Loss: 6.859940052032471
Iteration 24000/100000, Loss: 6.761875152587891
Iteration 25000/100000, Loss: 6.670578956604004
Iteration 26000/100000, Loss: 6.586468696594238
Iteration 27000/100000, Loss: 6.508060455322266
Iteration 28000/100000, Loss: 6.435292720794678
Iteration 29000/100000, Loss: 6.367709636688232
Iteration 30000/100000, Loss: 6.304681301116943
Iteration 31000/100000, Loss: 6.245887756347656
Iteration 32000/100000, Loss: 6.190830707550049
Iteration 33000/100000, Loss: 6.139697074890137
Iteration 34000/100000, Loss: 6.0914530754089355
Iteration 35000/100000, Loss: 6.046368598937988
Iteration 36000/100000, Loss: 6.00471830368042
Iteration 37000/100000, Loss: 5.9662885665893555
Iteration 38000/100000, Loss: 5.9310760498046875
Iteration 39000/100000, Loss: 5.8981781005859375
Iteration 40000/100000, Loss: 5.8677659034729
Iteration 41000/100000, Loss: 5.839027404785156
Iteration 42000/100000, Loss: 5.812448978424072
Iteration 43000/100000, Loss: 5.7874345779418945
Iteration 44000/100000, Loss: 5.763552665710449
Iteration 45000/100000, Loss: 5.741342067718506
Iteration 46000/100000, Loss: 5.720684051513672
Iteration 47000/100000, Loss: 5.701207637786865
Iteration 48000/100000, Loss: 5.683295249938965
Iteration 49000/100000, Loss: 5.666780948638916
Iteration 50000/100000, Loss: 5.652008056640625
Iteration 51000/100000, Loss: 5.637667655944824
Iteration 52000/100000, Loss: 5.624709129333496
Iteration 53000/100000, Loss: 5.612765789031982
Iteration 54000/100000, Loss: 5.601491451263428
Iteration 55000/100000, Loss: 5.59078311920166
Iteration 56000/100000, Loss: 5.581017017364502
Iteration 57000/100000, Loss: 5.571921348571777
Iteration 58000/100000, Loss: 5.563209056854248
Iteration 59000/100000, Loss: 5.55487585067749
Iteration 60000/100000, Loss: 5.5473785400390625
Iteration 61000/100000, Loss: 5.540149211883545
Iteration 62000/100000, Loss: 5.533376693725586
Iteration 63000/100000, Loss: 5.527159214019775
Iteration 64000/100000, Loss: 5.521227836608887
Iteration 65000/100000, Loss: 5.51557731628418
Iteration 66000/100000, Loss: 5.5103020668029785
Iteration 67000/100000, Loss: 5.505336284637451
Iteration 68000/100000, Loss: 5.500448703765869
Iteration 69000/100000, Loss: 5.496023654937744
Iteration 70000/100000, Loss: 5.491659641265869
Iteration 71000/100000, Loss: 5.487454891204834
Iteration 72000/100000, Loss: 5.483266353607178
Iteration 73000/100000, Loss: 5.479374408721924
Iteration 74000/100000, Loss: 5.4755659103393555
Iteration 75000/100000, Loss: 5.471837520599365
Iteration 76000/100000, Loss: 5.468226909637451
Iteration 77000/100000, Loss: 5.464882850646973
Iteration 78000/100000, Loss: 5.461233615875244
Iteration 79000/100000, Loss: 5.45784854888916
Iteration 80000/100000, Loss: 5.454491138458252
Iteration 81000/100000, Loss: 5.451395034790039
Iteration 82000/100000, Loss: 5.448256015777588
Iteration 83000/100000, Loss: 5.444976329803467
Iteration 84000/100000, Loss: 5.441910743713379
Iteration 85000/100000, Loss: 5.4388885498046875
Iteration 86000/100000, Loss: 5.435917377471924
Iteration 87000/100000, Loss: 5.432912826538086
Iteration 88000/100000, Loss: 5.4300079345703125
Iteration 89000/100000, Loss: 5.427350997924805
Iteration 90000/100000, Loss: 5.4244489669799805
Iteration 91000/100000, Loss: 5.421572685241699
Iteration 92000/100000, Loss: 5.418932914733887
Iteration 93000/100000, Loss: 5.416141033172607
Iteration 94000/100000, Loss: 5.413503646850586
Iteration 95000/100000, Loss: 5.410901069641113
Iteration 96000/100000, Loss: 5.408276081085205
Iteration 97000/100000, Loss: 5.405696868896484
Iteration 98000/100000, Loss: 5.403188705444336
Iteration 99000/100000, Loss: 5.400661945343018
No starting point
Iteration 0/100000, Loss: 5254.71337890625
Iteration 1000/100000, Loss: 13.953352928161621
Iteration 2000/100000, Loss: 12.809186935424805
Iteration 3000/100000, Loss: 11.810833930969238
Iteration 4000/100000, Loss: 10.937295913696289
Iteration 5000/100000, Loss: 10.287019729614258
Iteration 6000/100000, Loss: 9.756499290466309
Iteration 7000/100000, Loss: 9.285691261291504
Iteration 8000/100000, Loss: 8.861652374267578
Iteration 9000/100000, Loss: 8.477506637573242
Iteration 10000/100000, Loss: 8.127026557922363
Iteration 11000/100000, Loss: 7.806476593017578
Iteration 12000/100000, Loss: 7.5116658210754395
Iteration 13000/100000, Loss: 7.240647315979004
Iteration 14000/100000, Loss: 6.990787506103516
Iteration 15000/100000, Loss: 6.759751319885254
Iteration 16000/100000, Loss: 6.5460405349731445
Iteration 17000/100000, Loss: 6.348178863525391
Iteration 18000/100000, Loss: 6.165027618408203
Iteration 19000/100000, Loss: 5.994933128356934
Iteration 20000/100000, Loss: 5.837160110473633
Iteration 21000/100000, Loss: 5.691042900085449
Iteration 22000/100000, Loss: 5.555034160614014
Iteration 23000/100000, Loss: 5.428659915924072
Iteration 24000/100000, Loss: 5.311084270477295
Iteration 25000/100000, Loss: 5.201769828796387
Iteration 26000/100000, Loss: 5.09984016418457
Iteration 27000/100000, Loss: 5.005296230316162
Iteration 28000/100000, Loss: 4.917041301727295
Iteration 29000/100000, Loss: 4.834842205047607
Iteration 30000/100000, Loss: 4.75805139541626
Iteration 31000/100000, Loss: 4.686359882354736
Iteration 32000/100000, Loss: 4.6194586753845215
Iteration 33000/100000, Loss: 4.556855201721191
Iteration 34000/100000, Loss: 4.498311996459961
Iteration 35000/100000, Loss: 4.443787097930908
Iteration 36000/100000, Loss: 4.3932318687438965
Iteration 37000/100000, Loss: 4.346710205078125
Iteration 38000/100000, Loss: 4.303314208984375
Iteration 39000/100000, Loss: 4.263179302215576
Iteration 40000/100000, Loss: 4.22584342956543
Iteration 41000/100000, Loss: 4.191128730773926
Iteration 42000/100000, Loss: 4.158928871154785
Iteration 43000/100000, Loss: 4.12885856628418
Iteration 44000/100000, Loss: 4.100898742675781
Iteration 45000/100000, Loss: 4.075128555297852
Iteration 46000/100000, Loss: 4.051680564880371
Iteration 47000/100000, Loss: 4.0307416915893555
Iteration 48000/100000, Loss: 4.0121965408325195
Iteration 49000/100000, Loss: 3.995697021484375
Iteration 50000/100000, Loss: 3.98111891746521
Iteration 51000/100000, Loss: 3.9682538509368896
Iteration 52000/100000, Loss: 3.9568986892700195
Iteration 53000/100000, Loss: 3.946713924407959
Iteration 54000/100000, Loss: 3.937575578689575
Iteration 55000/100000, Loss: 3.9294657707214355
Iteration 56000/100000, Loss: 3.922020673751831
Iteration 57000/100000, Loss: 3.9154536724090576
Iteration 58000/100000, Loss: 3.909515857696533
Iteration 59000/100000, Loss: 3.9040541648864746
Iteration 60000/100000, Loss: 3.8989670276641846
Iteration 61000/100000, Loss: 3.894562244415283
Iteration 62000/100000, Loss: 3.890043020248413
Iteration 63000/100000, Loss: 3.88601016998291
Iteration 64000/100000, Loss: 3.8821423053741455
Iteration 65000/100000, Loss: 3.87869930267334
Iteration 66000/100000, Loss: 3.8751442432403564
Iteration 67000/100000, Loss: 3.8720383644104004
Iteration 68000/100000, Loss: 3.8689372539520264
Iteration 69000/100000, Loss: 3.8660085201263428
Iteration 70000/100000, Loss: 3.8631346225738525
Iteration 71000/100000, Loss: 3.860485076904297
Iteration 72000/100000, Loss: 3.8575944900512695
Iteration 73000/100000, Loss: 3.855023145675659
Iteration 74000/100000, Loss: 3.8523669242858887
Iteration 75000/100000, Loss: 3.8498685359954834
Iteration 76000/100000, Loss: 3.8476877212524414
Iteration 77000/100000, Loss: 3.8451640605926514
Iteration 78000/100000, Loss: 3.8427696228027344
Iteration 79000/100000, Loss: 3.840411424636841
Iteration 80000/100000, Loss: 3.8382177352905273
Iteration 81000/100000, Loss: 3.8360581398010254
Iteration 82000/100000, Loss: 3.8336434364318848
Iteration 83000/100000, Loss: 3.83145809173584
Iteration 84000/100000, Loss: 3.8293685913085938
Iteration 85000/100000, Loss: 3.8272554874420166
Iteration 86000/100000, Loss: 3.8250222206115723
Iteration 87000/100000, Loss: 3.823082685470581
Iteration 88000/100000, Loss: 3.8209269046783447
Iteration 89000/100000, Loss: 3.8187384605407715
Iteration 90000/100000, Loss: 3.8168022632598877
Iteration 91000/100000, Loss: 3.814993381500244
Iteration 92000/100000, Loss: 3.8128058910369873
Iteration 93000/100000, Loss: 3.8107714653015137
Iteration 94000/100000, Loss: 3.8088388442993164
Iteration 95000/100000, Loss: 3.806818962097168
Iteration 96000/100000, Loss: 3.804922103881836
Iteration 97000/100000, Loss: 3.803063154220581
Iteration 98000/100000, Loss: 3.8010973930358887
Iteration 99000/100000, Loss: 3.799246311187744
No starting point
Iteration 0/100000, Loss: 10573.65625
Iteration 1000/100000, Loss: 18.764291763305664
Iteration 2000/100000, Loss: 17.357254028320312
Iteration 3000/100000, Loss: 16.16777229309082
Iteration 4000/100000, Loss: 15.078668594360352
Iteration 5000/100000, Loss: 14.025411605834961
Iteration 6000/100000, Loss: 12.982840538024902
Iteration 7000/100000, Loss: 11.931665420532227
Iteration 8000/100000, Loss: 10.922229766845703
Iteration 9000/100000, Loss: 10.199195861816406
Iteration 10000/100000, Loss: 9.615396499633789
Iteration 11000/100000, Loss: 9.122499465942383
Iteration 12000/100000, Loss: 8.70218276977539
Iteration 13000/100000, Loss: 8.341493606567383
Iteration 14000/100000, Loss: 8.028886795043945
Iteration 15000/100000, Loss: 7.757760047912598
Iteration 16000/100000, Loss: 7.5203537940979
Iteration 17000/100000, Loss: 7.311220645904541
Iteration 18000/100000, Loss: 7.126914978027344
Iteration 19000/100000, Loss: 6.963143825531006
Iteration 20000/100000, Loss: 6.816679000854492
Iteration 21000/100000, Loss: 6.685762405395508
Iteration 22000/100000, Loss: 6.567929744720459
Iteration 23000/100000, Loss: 6.46176815032959
Iteration 24000/100000, Loss: 6.365668296813965
Iteration 25000/100000, Loss: 6.278393745422363
Iteration 26000/100000, Loss: 6.198782920837402
Iteration 27000/100000, Loss: 6.126005172729492
Iteration 28000/100000, Loss: 6.0592827796936035
Iteration 29000/100000, Loss: 5.998053550720215
Iteration 30000/100000, Loss: 5.941826343536377
Iteration 31000/100000, Loss: 5.890157699584961
Iteration 32000/100000, Loss: 5.842648983001709
Iteration 33000/100000, Loss: 5.798954486846924
Iteration 34000/100000, Loss: 5.758711814880371
Iteration 35000/100000, Loss: 5.721677780151367
Iteration 36000/100000, Loss: 5.687526226043701
Iteration 37000/100000, Loss: 5.65602970123291
Iteration 38000/100000, Loss: 5.626924514770508
Iteration 39000/100000, Loss: 5.600052833557129
Iteration 40000/100000, Loss: 5.575185298919678
Iteration 41000/100000, Loss: 5.552215576171875
Iteration 42000/100000, Loss: 5.531010627746582
Iteration 43000/100000, Loss: 5.511460304260254
Iteration 44000/100000, Loss: 5.4934844970703125
Iteration 45000/100000, Loss: 5.47698974609375
Iteration 46000/100000, Loss: 5.4618940353393555
Iteration 47000/100000, Loss: 5.448099136352539
Iteration 48000/100000, Loss: 5.43555212020874
Iteration 49000/100000, Loss: 5.42415189743042
Iteration 50000/100000, Loss: 5.413808345794678
Iteration 51000/100000, Loss: 5.404466152191162
Iteration 52000/100000, Loss: 5.39597225189209
Iteration 53000/100000, Loss: 5.38826847076416
Iteration 54000/100000, Loss: 5.381269454956055
Iteration 55000/100000, Loss: 5.374892711639404
Iteration 56000/100000, Loss: 5.369024753570557
Iteration 57000/100000, Loss: 5.363654136657715
Iteration 58000/100000, Loss: 5.3586506843566895
Iteration 59000/100000, Loss: 5.354038238525391
Iteration 60000/100000, Loss: 5.349750995635986
Iteration 61000/100000, Loss: 5.345733165740967
Iteration 62000/100000, Loss: 5.341949939727783
Iteration 63000/100000, Loss: 5.338387489318848
Iteration 64000/100000, Loss: 5.335025787353516
Iteration 65000/100000, Loss: 5.3318281173706055
Iteration 66000/100000, Loss: 5.328779220581055
Iteration 67000/100000, Loss: 5.325865745544434
Iteration 68000/100000, Loss: 5.323063373565674
Iteration 69000/100000, Loss: 5.320370197296143
Iteration 70000/100000, Loss: 5.317780494689941
Iteration 71000/100000, Loss: 5.315274238586426
Iteration 72000/100000, Loss: 5.312828063964844
Iteration 73000/100000, Loss: 5.310473918914795
Iteration 74000/100000, Loss: 5.308180809020996
Iteration 75000/100000, Loss: 5.30593729019165
Iteration 76000/100000, Loss: 5.303764343261719
Iteration 77000/100000, Loss: 5.301630020141602
Iteration 78000/100000, Loss: 5.299551963806152
Iteration 79000/100000, Loss: 5.297514915466309
Iteration 80000/100000, Loss: 5.295517921447754
Iteration 81000/100000, Loss: 5.293559551239014
Iteration 82000/100000, Loss: 5.291634559631348
Iteration 83000/100000, Loss: 5.2897443771362305
Iteration 84000/100000, Loss: 5.287892818450928
Iteration 85000/100000, Loss: 5.286065578460693
Iteration 86000/100000, Loss: 5.284260272979736
Iteration 87000/100000, Loss: 5.282489776611328
Iteration 88000/100000, Loss: 5.2807464599609375
Iteration 89000/100000, Loss: 5.279034614562988
Iteration 90000/100000, Loss: 5.277332305908203
Iteration 91000/100000, Loss: 5.275677680969238
Iteration 92000/100000, Loss: 5.274014949798584
Iteration 93000/100000, Loss: 5.272392749786377
Iteration 94000/100000, Loss: 5.270792007446289
Iteration 95000/100000, Loss: 5.269198417663574
Iteration 96000/100000, Loss: 5.267628192901611
Iteration 97000/100000, Loss: 5.266078472137451
Iteration 98000/100000, Loss: 5.26457405090332
Iteration 99000/100000, Loss: 5.263046741485596
No starting point
Iteration 0/100000, Loss: 8688.8681640625
Iteration 1000/100000, Loss: 13.757341384887695
Iteration 2000/100000, Loss: 12.472497940063477
Iteration 3000/100000, Loss: 11.447528839111328
Iteration 4000/100000, Loss: 10.57811164855957
Iteration 5000/100000, Loss: 9.809225082397461
Iteration 6000/100000, Loss: 9.109476089477539
Iteration 7000/100000, Loss: 8.457380294799805
Iteration 8000/100000, Loss: 7.85581111907959
Iteration 9000/100000, Loss: 7.356771469116211
Iteration 10000/100000, Loss: 6.927997589111328
Iteration 11000/100000, Loss: 6.549542427062988
Iteration 12000/100000, Loss: 6.213468551635742
Iteration 13000/100000, Loss: 5.913226127624512
Iteration 14000/100000, Loss: 5.644146919250488
Iteration 15000/100000, Loss: 5.401877403259277
Iteration 16000/100000, Loss: 5.183067321777344
Iteration 17000/100000, Loss: 4.985164642333984
Iteration 18000/100000, Loss: 4.805227756500244
Iteration 19000/100000, Loss: 4.641664505004883
Iteration 20000/100000, Loss: 4.4925384521484375
Iteration 21000/100000, Loss: 4.356225490570068
Iteration 22000/100000, Loss: 4.231539726257324
Iteration 23000/100000, Loss: 4.117217063903809
Iteration 24000/100000, Loss: 4.012246131896973
Iteration 25000/100000, Loss: 3.915896415710449
Iteration 26000/100000, Loss: 3.8273448944091797
Iteration 27000/100000, Loss: 3.7457213401794434
Iteration 28000/100000, Loss: 3.670536994934082
Iteration 29000/100000, Loss: 3.6011786460876465
Iteration 30000/100000, Loss: 3.537173271179199
Iteration 31000/100000, Loss: 3.4780781269073486
Iteration 32000/100000, Loss: 3.4234814643859863
Iteration 33000/100000, Loss: 3.3730082511901855
Iteration 34000/100000, Loss: 3.3263425827026367
Iteration 35000/100000, Loss: 3.2831764221191406
Iteration 36000/100000, Loss: 3.243253707885742
Iteration 37000/100000, Loss: 3.206322431564331
Iteration 38000/100000, Loss: 3.1721787452697754
Iteration 39000/100000, Loss: 3.1406450271606445
Iteration 40000/100000, Loss: 3.111576557159424
Iteration 41000/100000, Loss: 3.0848121643066406
Iteration 42000/100000, Loss: 3.060288667678833
Iteration 43000/100000, Loss: 3.03794264793396
Iteration 44000/100000, Loss: 3.017667770385742
Iteration 45000/100000, Loss: 2.9993958473205566
Iteration 46000/100000, Loss: 2.9830403327941895
Iteration 47000/100000, Loss: 2.968442440032959
Iteration 48000/100000, Loss: 2.9554693698883057
Iteration 49000/100000, Loss: 2.9439473152160645
Iteration 50000/100000, Loss: 2.933712959289551
Iteration 51000/100000, Loss: 2.924574851989746
Iteration 52000/100000, Loss: 2.9164462089538574
Iteration 53000/100000, Loss: 2.9091174602508545
Iteration 54000/100000, Loss: 2.902573585510254
Iteration 55000/100000, Loss: 2.8966546058654785
Iteration 56000/100000, Loss: 2.891355514526367
Iteration 57000/100000, Loss: 2.8864238262176514
Iteration 58000/100000, Loss: 2.8819546699523926
Iteration 59000/100000, Loss: 2.8778574466705322
Iteration 60000/100000, Loss: 2.8740549087524414
Iteration 61000/100000, Loss: 2.8705215454101562
Iteration 62000/100000, Loss: 2.867248773574829
Iteration 63000/100000, Loss: 2.864117383956909
Iteration 64000/100000, Loss: 2.861182689666748
Iteration 65000/100000, Loss: 2.858414888381958
Iteration 66000/100000, Loss: 2.855790615081787
Iteration 67000/100000, Loss: 2.853283166885376
Iteration 68000/100000, Loss: 2.850879669189453
Iteration 69000/100000, Loss: 2.8485591411590576
Iteration 70000/100000, Loss: 2.846331834793091
Iteration 71000/100000, Loss: 2.8441648483276367
Iteration 72000/100000, Loss: 2.842073440551758
Iteration 73000/100000, Loss: 2.8400535583496094
Iteration 74000/100000, Loss: 2.8380684852600098
Iteration 75000/100000, Loss: 2.8361358642578125
Iteration 76000/100000, Loss: 2.8342478275299072
Iteration 77000/100000, Loss: 2.832409381866455
Iteration 78000/100000, Loss: 2.8306005001068115
Iteration 79000/100000, Loss: 2.8288259506225586
Iteration 80000/100000, Loss: 2.8270928859710693
Iteration 81000/100000, Loss: 2.8253774642944336
Iteration 82000/100000, Loss: 2.823700189590454
Iteration 83000/100000, Loss: 2.8220412731170654
Iteration 84000/100000, Loss: 2.8204026222229004
Iteration 85000/100000, Loss: 2.818798065185547
Iteration 86000/100000, Loss: 2.8172152042388916
Iteration 87000/100000, Loss: 2.8156485557556152
Iteration 88000/100000, Loss: 2.814098834991455
Iteration 89000/100000, Loss: 2.8125736713409424
Iteration 90000/100000, Loss: 2.811063051223755
Iteration 91000/100000, Loss: 2.809575080871582
Iteration 92000/100000, Loss: 2.808105707168579
Iteration 93000/100000, Loss: 2.8066487312316895
Iteration 94000/100000, Loss: 2.8052124977111816
Iteration 95000/100000, Loss: 2.8037869930267334
Iteration 96000/100000, Loss: 2.8023760318756104
Iteration 97000/100000, Loss: 2.800978899002075
Iteration 98000/100000, Loss: 2.7996044158935547
Iteration 99000/100000, Loss: 2.7982337474823
Saved: /home/malurool/Polarizaci-n/Ozone-Cues-Mitigate-Reflected-Downwelling-Radiance-in-LWIR-Absorption-Based-Ranging/results/IHTest_202104_Path5_Step1_LWHSI1_collect0_DistStA_downwelling.npz
=== [3/5] Hyperspectral estimation — WITH downwelling + TV ===
No starting point
Iteration 0/100000, Loss: 7797.2998046875
Iteration 1000/100000, Loss: 15.71713924407959
Iteration 2000/100000, Loss: 14.35936164855957
Iteration 3000/100000, Loss: 13.216565132141113
Iteration 4000/100000, Loss: 12.242412567138672
Iteration 5000/100000, Loss: 11.519052505493164
Iteration 6000/100000, Loss: 10.953426361083984
Iteration 7000/100000, Loss: 10.452442169189453
Iteration 8000/100000, Loss: 10.010403633117676
Iteration 9000/100000, Loss: 9.62588119506836
Iteration 10000/100000, Loss: 9.283102989196777
Iteration 11000/100000, Loss: 8.975613594055176
Iteration 12000/100000, Loss: 8.698135375976562
Iteration 13000/100000, Loss: 8.446916580200195
Iteration 14000/100000, Loss: 8.219342231750488
Iteration 15000/100000, Loss: 8.011617660522461
Iteration 16000/100000, Loss: 7.821910381317139
Iteration 17000/100000, Loss: 7.647848606109619
Iteration 18000/100000, Loss: 7.488120079040527
Iteration 19000/100000, Loss: 7.341909408569336
Iteration 20000/100000, Loss: 7.206820011138916
Iteration 21000/100000, Loss: 7.082193851470947
Iteration 22000/100000, Loss: 6.96735143661499
Iteration 23000/100000, Loss: 6.861175537109375
Iteration 24000/100000, Loss: 6.762809753417969
Iteration 25000/100000, Loss: 6.671701908111572
Iteration 26000/100000, Loss: 6.58766508102417
Iteration 27000/100000, Loss: 6.509218692779541
Iteration 28000/100000, Loss: 6.436252117156982
Iteration 29000/100000, Loss: 6.36851167678833
Iteration 30000/100000, Loss: 6.305577754974365
Iteration 31000/100000, Loss: 6.2467265129089355
Iteration 32000/100000, Loss: 6.191987037658691
Iteration 33000/100000, Loss: 6.140501022338867
Iteration 34000/100000, Loss: 6.092231750488281
Iteration 35000/100000, Loss: 6.047605514526367
Iteration 36000/100000, Loss: 6.006061553955078
Iteration 37000/100000, Loss: 5.967340469360352
Iteration 38000/100000, Loss: 5.9318461418151855
Iteration 39000/100000, Loss: 5.899119853973389
Iteration 40000/100000, Loss: 5.868741512298584
Iteration 41000/100000, Loss: 5.840354919433594
Iteration 42000/100000, Loss: 5.813573837280273
Iteration 43000/100000, Loss: 5.788320541381836
Iteration 44000/100000, Loss: 5.764739990234375
Iteration 45000/100000, Loss: 5.742351055145264
Iteration 46000/100000, Loss: 5.7215399742126465
Iteration 47000/100000, Loss: 5.702374458312988
Iteration 48000/100000, Loss: 5.6842851638793945
Iteration 49000/100000, Loss: 5.667909622192383
Iteration 50000/100000, Loss: 5.6527557373046875
Iteration 51000/100000, Loss: 5.638885021209717
Iteration 52000/100000, Loss: 5.625849723815918
Iteration 53000/100000, Loss: 5.613891124725342
Iteration 54000/100000, Loss: 5.602686882019043
Iteration 55000/100000, Loss: 5.592215538024902
Iteration 56000/100000, Loss: 5.58220911026001
Iteration 57000/100000, Loss: 5.572923183441162
Iteration 58000/100000, Loss: 5.564296245574951
Iteration 59000/100000, Loss: 5.556053161621094
Iteration 60000/100000, Loss: 5.548534870147705
Iteration 61000/100000, Loss: 5.541374206542969
Iteration 62000/100000, Loss: 5.534472465515137
Iteration 63000/100000, Loss: 5.528293132781982
Iteration 64000/100000, Loss: 5.522388458251953
Iteration 65000/100000, Loss: 5.516725063323975
Iteration 66000/100000, Loss: 5.511441230773926
Iteration 67000/100000, Loss: 5.506579399108887
Iteration 68000/100000, Loss: 5.50174617767334
Iteration 69000/100000, Loss: 5.49717378616333
Iteration 70000/100000, Loss: 5.492739200592041
Iteration 71000/100000, Loss: 5.488514423370361
Iteration 72000/100000, Loss: 5.484595775604248
Iteration 73000/100000, Loss: 5.480575084686279
Iteration 74000/100000, Loss: 5.4767537117004395
Iteration 75000/100000, Loss: 5.473098278045654
Iteration 76000/100000, Loss: 5.469367980957031
Iteration 77000/100000, Loss: 5.466005325317383
Iteration 78000/100000, Loss: 5.462556838989258
Iteration 79000/100000, Loss: 5.459133625030518
Iteration 80000/100000, Loss: 5.455749988555908
Iteration 81000/100000, Loss: 5.4524688720703125
Iteration 82000/100000, Loss: 5.449461460113525
Iteration 83000/100000, Loss: 5.446226119995117
Iteration 84000/100000, Loss: 5.443190097808838
Iteration 85000/100000, Loss: 5.440258502960205
Iteration 86000/100000, Loss: 5.437203884124756
Iteration 87000/100000, Loss: 5.434227466583252
Iteration 88000/100000, Loss: 5.431334972381592
Iteration 89000/100000, Loss: 5.428483486175537
Iteration 90000/100000, Loss: 5.425724029541016
Iteration 91000/100000, Loss: 5.422984600067139
Iteration 92000/100000, Loss: 5.420190811157227
Iteration 93000/100000, Loss: 5.417581558227539
Iteration 94000/100000, Loss: 5.414922714233398
Iteration 95000/100000, Loss: 5.412294387817383
Iteration 96000/100000, Loss: 5.4096269607543945
Iteration 97000/100000, Loss: 5.406975269317627
Iteration 98000/100000, Loss: 5.404496669769287
Iteration 99000/100000, Loss: 5.402048110961914
No starting point
Iteration 0/100000, Loss: 5254.71337890625
Iteration 1000/100000, Loss: 13.95368766784668
Iteration 2000/100000, Loss: 12.809672355651855
Iteration 3000/100000, Loss: 11.811467170715332
Iteration 4000/100000, Loss: 10.938125610351562
Iteration 5000/100000, Loss: 10.288007736206055
Iteration 6000/100000, Loss: 9.75751781463623
Iteration 7000/100000, Loss: 9.286805152893066
Iteration 8000/100000, Loss: 8.8629150390625
Iteration 9000/100000, Loss: 8.47885513305664
Iteration 10000/100000, Loss: 8.128351211547852
Iteration 11000/100000, Loss: 7.807927131652832
Iteration 12000/100000, Loss: 7.513538837432861
Iteration 13000/100000, Loss: 7.242371082305908
Iteration 14000/100000, Loss: 6.992412567138672
Iteration 15000/100000, Loss: 6.761521339416504
Iteration 16000/100000, Loss: 6.5477681159973145
Iteration 17000/100000, Loss: 6.349827289581299
Iteration 18000/100000, Loss: 6.166520118713379
Iteration 19000/100000, Loss: 5.996697902679443
Iteration 20000/100000, Loss: 5.8390350341796875
Iteration 21000/100000, Loss: 5.692813873291016
Iteration 22000/100000, Loss: 5.556883335113525
Iteration 23000/100000, Loss: 5.4301557540893555
Iteration 24000/100000, Loss: 5.312718868255615
Iteration 25000/100000, Loss: 5.20353889465332
Iteration 26000/100000, Loss: 5.101397514343262
Iteration 27000/100000, Loss: 5.006720542907715
Iteration 28000/100000, Loss: 4.918628215789795
Iteration 29000/100000, Loss: 4.836246967315674
Iteration 30000/100000, Loss: 4.7595295906066895
Iteration 31000/100000, Loss: 4.6876935958862305
Iteration 32000/100000, Loss: 4.621010780334473
Iteration 33000/100000, Loss: 4.55820369720459
Iteration 34000/100000, Loss: 4.4997968673706055
Iteration 35000/100000, Loss: 4.445194244384766
Iteration 36000/100000, Loss: 4.394806861877441
Iteration 37000/100000, Loss: 4.34804105758667
Iteration 38000/100000, Loss: 4.3048176765441895
Iteration 39000/100000, Loss: 4.264547824859619
Iteration 40000/100000, Loss: 4.227273941040039
Iteration 41000/100000, Loss: 4.192509174346924
Iteration 42000/100000, Loss: 4.16005277633667
Iteration 43000/100000, Loss: 4.1299333572387695
Iteration 44000/100000, Loss: 4.102222442626953
Iteration 45000/100000, Loss: 4.076416969299316
Iteration 46000/100000, Loss: 4.052946090698242
Iteration 47000/100000, Loss: 4.032116889953613
Iteration 48000/100000, Loss: 4.01368522644043
Iteration 49000/100000, Loss: 3.99698543548584
Iteration 50000/100000, Loss: 3.982522487640381
Iteration 51000/100000, Loss: 3.969456672668457
Iteration 52000/100000, Loss: 3.958301305770874
Iteration 53000/100000, Loss: 3.9481327533721924
Iteration 54000/100000, Loss: 3.9389662742614746
Iteration 55000/100000, Loss: 3.9310660362243652
Iteration 56000/100000, Loss: 3.923460006713867
Iteration 57000/100000, Loss: 3.916938304901123
Iteration 58000/100000, Loss: 3.910839319229126
Iteration 59000/100000, Loss: 3.9052798748016357
Iteration 60000/100000, Loss: 3.900249481201172
Iteration 61000/100000, Loss: 3.895770788192749
Iteration 62000/100000, Loss: 3.891537666320801
Iteration 63000/100000, Loss: 3.887439727783203
Iteration 64000/100000, Loss: 3.883777618408203
Iteration 65000/100000, Loss: 3.8799877166748047
Iteration 66000/100000, Loss: 3.8768744468688965
Iteration 67000/100000, Loss: 3.8735244274139404
Iteration 68000/100000, Loss: 3.8703393936157227
Iteration 69000/100000, Loss: 3.867455244064331
Iteration 70000/100000, Loss: 3.864625930786133
Iteration 71000/100000, Loss: 3.8617682456970215
Iteration 72000/100000, Loss: 3.8591055870056152
Iteration 73000/100000, Loss: 3.8564538955688477
Iteration 74000/100000, Loss: 3.8539535999298096
Iteration 75000/100000, Loss: 3.851466655731201
Iteration 76000/100000, Loss: 3.8489797115325928
Iteration 77000/100000, Loss: 3.8465492725372314
Iteration 78000/100000, Loss: 3.8444385528564453
Iteration 79000/100000, Loss: 3.841848850250244
Iteration 80000/100000, Loss: 3.8396480083465576
Iteration 81000/100000, Loss: 3.837472438812256
Iteration 82000/100000, Loss: 3.8352956771850586
Iteration 83000/100000, Loss: 3.832981586456299
Iteration 84000/100000, Loss: 3.830923080444336
Iteration 85000/100000, Loss: 3.8288135528564453
Iteration 86000/100000, Loss: 3.8264830112457275
Iteration 87000/100000, Loss: 3.824490785598755
Iteration 88000/100000, Loss: 3.8223955631256104
Iteration 89000/100000, Loss: 3.8204293251037598
Iteration 90000/100000, Loss: 3.8182666301727295
Iteration 91000/100000, Loss: 3.816321849822998
Iteration 92000/100000, Loss: 3.8143680095672607
Iteration 93000/100000, Loss: 3.8123531341552734
Iteration 94000/100000, Loss: 3.8103389739990234
Iteration 95000/100000, Loss: 3.8083372116088867
Iteration 96000/100000, Loss: 3.80643892288208
Iteration 97000/100000, Loss: 3.8046042919158936
Iteration 98000/100000, Loss: 3.802835702896118
Iteration 99000/100000, Loss: 3.8007588386535645
No starting point
Iteration 0/100000, Loss: 10573.65625
Iteration 1000/100000, Loss: 18.76485252380371
Iteration 2000/100000, Loss: 17.35798454284668
Iteration 3000/100000, Loss: 16.168533325195312
Iteration 4000/100000, Loss: 15.079418182373047
Iteration 5000/100000, Loss: 14.02612590789795
Iteration 6000/100000, Loss: 12.983516693115234
Iteration 7000/100000, Loss: 11.932271957397461
Iteration 8000/100000, Loss: 10.92276382446289
Iteration 9000/100000, Loss: 10.199560165405273
Iteration 10000/100000, Loss: 9.616053581237793
Iteration 11000/100000, Loss: 9.123117446899414
Iteration 12000/100000, Loss: 8.703067779541016
Iteration 13000/100000, Loss: 8.341800689697266
Iteration 14000/100000, Loss: 8.029593467712402
Iteration 15000/100000, Loss: 7.757782936096191
Iteration 16000/100000, Loss: 7.520861625671387
Iteration 17000/100000, Loss: 7.311802864074707
Iteration 18000/100000, Loss: 7.127292156219482
Iteration 19000/100000, Loss: 6.963618755340576
Iteration 20000/100000, Loss: 6.817231178283691
Iteration 21000/100000, Loss: 6.6864094734191895
Iteration 22000/100000, Loss: 6.568552017211914
Iteration 23000/100000, Loss: 6.462342262268066
Iteration 24000/100000, Loss: 6.366355895996094
Iteration 25000/100000, Loss: 6.27891731262207
Iteration 26000/100000, Loss: 6.199328899383545
Iteration 27000/100000, Loss: 6.126560211181641
Iteration 28000/100000, Loss: 6.0598530769348145
Iteration 29000/100000, Loss: 5.998630046844482
Iteration 30000/100000, Loss: 5.942409992218018
Iteration 31000/100000, Loss: 5.890740394592285
Iteration 32000/100000, Loss: 5.843254089355469
Iteration 33000/100000, Loss: 5.799548149108887
Iteration 34000/100000, Loss: 5.759322166442871
Iteration 35000/100000, Loss: 5.722292423248291
Iteration 36000/100000, Loss: 5.688140869140625
Iteration 37000/100000, Loss: 5.656652450561523
Iteration 38000/100000, Loss: 5.627564907073975
Iteration 39000/100000, Loss: 5.600682735443115
Iteration 40000/100000, Loss: 5.575828552246094
Iteration 41000/100000, Loss: 5.552883625030518
Iteration 42000/100000, Loss: 5.531678199768066
Iteration 43000/100000, Loss: 5.512144565582275
Iteration 44000/100000, Loss: 5.494163990020752
Iteration 45000/100000, Loss: 5.477676868438721
Iteration 46000/100000, Loss: 5.462567329406738
Iteration 47000/100000, Loss: 5.448791027069092
Iteration 48000/100000, Loss: 5.436279296875
Iteration 49000/100000, Loss: 5.424844264984131
Iteration 50000/100000, Loss: 5.414514064788818
Iteration 51000/100000, Loss: 5.405178070068359
Iteration 52000/100000, Loss: 5.3966851234436035
Iteration 53000/100000, Loss: 5.388981819152832
Iteration 54000/100000, Loss: 5.3819780349731445
Iteration 55000/100000, Loss: 5.375598430633545
Iteration 56000/100000, Loss: 5.369744777679443
Iteration 57000/100000, Loss: 5.36436128616333
Iteration 58000/100000, Loss: 5.359379291534424
Iteration 59000/100000, Loss: 5.354766845703125
Iteration 60000/100000, Loss: 5.350476264953613
Iteration 61000/100000, Loss: 5.346458911895752
Iteration 62000/100000, Loss: 5.3427042961120605
Iteration 63000/100000, Loss: 5.33915901184082
Iteration 64000/100000, Loss: 5.335786819458008
Iteration 65000/100000, Loss: 5.332588195800781
Iteration 66000/100000, Loss: 5.329551696777344
Iteration 67000/100000, Loss: 5.326647758483887
Iteration 68000/100000, Loss: 5.323849678039551
Iteration 69000/100000, Loss: 5.321172714233398
Iteration 70000/100000, Loss: 5.318570137023926
Iteration 71000/100000, Loss: 5.3160719871521
Iteration 72000/100000, Loss: 5.313638210296631
Iteration 73000/100000, Loss: 5.311285972595215
Iteration 74000/100000, Loss: 5.308995723724365
Iteration 75000/100000, Loss: 5.306763172149658
Iteration 76000/100000, Loss: 5.304591655731201
Iteration 77000/100000, Loss: 5.302473545074463
Iteration 78000/100000, Loss: 5.300392150878906
Iteration 79000/100000, Loss: 5.298367500305176
Iteration 80000/100000, Loss: 5.2963714599609375
Iteration 81000/100000, Loss: 5.294417858123779
Iteration 82000/100000, Loss: 5.292503833770752
Iteration 83000/100000, Loss: 5.290604591369629
Iteration 84000/100000, Loss: 5.288763046264648
Iteration 85000/100000, Loss: 5.286941051483154
Iteration 86000/100000, Loss: 5.285145282745361
Iteration 87000/100000, Loss: 5.283383846282959
Iteration 88000/100000, Loss: 5.281640529632568
Iteration 89000/100000, Loss: 5.2799224853515625
Iteration 90000/100000, Loss: 5.278229236602783
Iteration 91000/100000, Loss: 5.2765727043151855
Iteration 92000/100000, Loss: 5.274929046630859
Iteration 93000/100000, Loss: 5.273301601409912
Iteration 94000/100000, Loss: 5.2717108726501465
Iteration 95000/100000, Loss: 5.270132541656494
Iteration 96000/100000, Loss: 5.268569469451904
Iteration 97000/100000, Loss: 5.267023086547852
Iteration 98000/100000, Loss: 5.265498638153076
Iteration 99000/100000, Loss: 5.263990879058838
No starting point
Iteration 0/100000, Loss: 8688.8681640625
Iteration 1000/100000, Loss: 13.757872581481934
Iteration 2000/100000, Loss: 12.473275184631348
Iteration 3000/100000, Loss: 11.448378562927246
Iteration 4000/100000, Loss: 10.578973770141602
Iteration 5000/100000, Loss: 9.810064315795898
Iteration 6000/100000, Loss: 9.110284805297852
Iteration 7000/100000, Loss: 8.458159446716309
Iteration 8000/100000, Loss: 7.85658073425293
Iteration 9000/100000, Loss: 7.357450485229492
Iteration 10000/100000, Loss: 6.928776264190674
Iteration 11000/100000, Loss: 6.550212860107422
Iteration 12000/100000, Loss: 6.214206695556641
Iteration 13000/100000, Loss: 5.913850784301758
Iteration 14000/100000, Loss: 5.644567966461182
Iteration 15000/100000, Loss: 5.402700901031494
Iteration 16000/100000, Loss: 5.183781623840332
Iteration 17000/100000, Loss: 4.985844612121582
Iteration 18000/100000, Loss: 4.806102275848389
Iteration 19000/100000, Loss: 4.64254093170166
Iteration 20000/100000, Loss: 4.493321895599365
Iteration 21000/100000, Loss: 4.357062339782715
Iteration 22000/100000, Loss: 4.2323455810546875
Iteration 23000/100000, Loss: 4.117988586425781
Iteration 24000/100000, Loss: 4.013108253479004
Iteration 25000/100000, Loss: 3.9167466163635254
Iteration 26000/100000, Loss: 3.828151226043701
Iteration 27000/100000, Loss: 3.7465951442718506
Iteration 28000/100000, Loss: 3.671421527862549
Iteration 29000/100000, Loss: 3.602065324783325
Iteration 30000/100000, Loss: 3.53804612159729
Iteration 31000/100000, Loss: 3.478947877883911
Iteration 32000/100000, Loss: 3.4243531227111816
Iteration 33000/100000, Loss: 3.3738884925842285
Iteration 34000/100000, Loss: 3.32723331451416
Iteration 35000/100000, Loss: 3.2840890884399414
Iteration 36000/100000, Loss: 3.244152069091797
Iteration 37000/100000, Loss: 3.207228899002075
Iteration 38000/100000, Loss: 3.173095941543579
Iteration 39000/100000, Loss: 3.141564130783081
Iteration 40000/100000, Loss: 3.1124939918518066
Iteration 41000/100000, Loss: 3.0857367515563965
Iteration 42000/100000, Loss: 3.061208963394165
Iteration 43000/100000, Loss: 3.0388569831848145
Iteration 44000/100000, Loss: 3.018585681915283
Iteration 45000/100000, Loss: 3.0003111362457275
Iteration 46000/100000, Loss: 2.9839446544647217
Iteration 47000/100000, Loss: 2.969348192214966
Iteration 48000/100000, Loss: 2.956378936767578
Iteration 49000/100000, Loss: 2.9448647499084473
Iteration 50000/100000, Loss: 2.934631109237671
Iteration 51000/100000, Loss: 2.9254956245422363
Iteration 52000/100000, Loss: 2.9173474311828613
Iteration 53000/100000, Loss: 2.9100558757781982
Iteration 54000/100000, Loss: 2.9035093784332275
Iteration 55000/100000, Loss: 2.897597551345825
Iteration 56000/100000, Loss: 2.8922464847564697
Iteration 57000/100000, Loss: 2.887375831604004
Iteration 58000/100000, Loss: 2.88291597366333
Iteration 59000/100000, Loss: 2.878812313079834
Iteration 60000/100000, Loss: 2.875005006790161
Iteration 61000/100000, Loss: 2.8714730739593506
Iteration 62000/100000, Loss: 2.8681983947753906
Iteration 63000/100000, Loss: 2.8650872707366943
Iteration 64000/100000, Loss: 2.8621671199798584
Iteration 65000/100000, Loss: 2.859403371810913
Iteration 66000/100000, Loss: 2.8567662239074707
Iteration 67000/100000, Loss: 2.854273557662964
Iteration 68000/100000, Loss: 2.8518688678741455
Iteration 69000/100000, Loss: 2.8495516777038574
Iteration 70000/100000, Loss: 2.847322702407837
Iteration 71000/100000, Loss: 2.8451600074768066
Iteration 72000/100000, Loss: 2.843082904815674
Iteration 73000/100000, Loss: 2.841050863265991
Iteration 74000/100000, Loss: 2.8390729427337646
Iteration 75000/100000, Loss: 2.8371481895446777
Iteration 76000/100000, Loss: 2.8352651596069336
Iteration 77000/100000, Loss: 2.833430528640747
Iteration 78000/100000, Loss: 2.8316166400909424
Iteration 79000/100000, Loss: 2.8298487663269043
Iteration 80000/100000, Loss: 2.828112840652466
Iteration 81000/100000, Loss: 2.826416015625
Iteration 82000/100000, Loss: 2.824725866317749
Iteration 83000/100000, Loss: 2.823061466217041
Iteration 84000/100000, Loss: 2.821444272994995
Iteration 85000/100000, Loss: 2.8198347091674805
Iteration 86000/100000, Loss: 2.8182497024536133
Iteration 87000/100000, Loss: 2.816685914993286
Iteration 88000/100000, Loss: 2.8151450157165527
Iteration 89000/100000, Loss: 2.8136184215545654
Iteration 90000/100000, Loss: 2.8121070861816406
Iteration 91000/100000, Loss: 2.810628652572632
Iteration 92000/100000, Loss: 2.8091559410095215
Iteration 93000/100000, Loss: 2.8076908588409424
Iteration 94000/100000, Loss: 2.8062596321105957
Iteration 95000/100000, Loss: 2.8048417568206787
Iteration 96000/100000, Loss: 2.8034286499023438
Iteration 97000/100000, Loss: 2.8020405769348145
Iteration 98000/100000, Loss: 2.8006646633148193
Iteration 99000/100000, Loss: 2.799304962158203
Saved: /home/malurool/Polarizaci-n/Ozone-Cues-Mitigate-Reflected-Downwelling-Radiance-in-LWIR-Absorption-Based-Ranging/results/IHTest_202104_Path5_Step1_LWHSI1_collect0_DistStA_downwelling_TV.npz
=== [4/5] Generating hyperspectral figures ===

--- Patch Statistics (Mean ± Std, ignoring NaNs) ---

Calibration Target 1:
  Without downwelling correction: 200.00 ± 0.00 m
  Downwelling correction:         42.97 ± 2.64 m
  Downwelling correction (TV):    42.96 ± 2.60 m

Calibration Target 2:
  Without downwelling correction: 113.24 ± 18.63 m
  Downwelling correction:         25.20 ± 5.95 m
  Downwelling correction (TV):    25.20 ± 5.57 m

Tree:
  Without downwelling correction: 54.84 ± 7.38 m
  Downwelling correction:         50.93 ± 7.81 m
  Downwelling correction (TV):    50.85 ± 5.94 m
=== [5/5] Generating ablation figures ===
Loading data...
Computing bispectral depth...
Computing quadspectral depth...
Loading hyperspectral results...
Generating depth grid figure...
Generating CDF figure...
Generating box-plot by zone...
Generating depth profile figure...
Generating per-pixel radiance analysis...
Generating pixel overlay maps...

── Depth estimation summary ──────────────────────────────────────
Method                           RMSE (m)    MAE (m)
----------------------------------------------------
Bispectral                          54.25      22.81
Quadspectral                        60.17      24.57
Hyperspectral (no dw)               34.60      20.55
Hyperspectral (w/ dw)               28.46      15.98

Figures saved to: /home/malurool/Polarizaci-n/Ozone-Cues-Mitigate-Reflected-Downwelling-Radiance-in-LWIR-Absorption-Based-Ranging/Figures/Ablation

=== Pipeline complete ===
  Results : /home/malurool/Polarizaci-n/Ozone-Cues-Mitigate-Reflected-Downwelling-Radiance-in-LWIR-Absorption-Based-Ranging/results/
  Figures : /home/malurool/Polarizaci-n/Ozone-Cues-Mitigate-Reflected-Downwelling-Radiance-in-LWIR-Absorption-Based-Ranging/Figures/
