=== [1/5] Hyperspectral estimation — WITHOUT downwelling ===
No starting point
Iteration 0/20000, Loss: 7403.798828125
Iteration 1000/20000, Loss: 39.22309112548828
Iteration 2000/20000, Loss: 38.26609420776367
Iteration 3000/20000, Loss: 36.525856018066406
Iteration 4000/20000, Loss: 34.25756072998047
Iteration 5000/20000, Loss: 30.890541076660156
Iteration 6000/20000, Loss: 26.46585464477539
Iteration 7000/20000, Loss: 21.508590698242188
Iteration 8000/20000, Loss: 16.115753173828125
Iteration 9000/20000, Loss: 12.28464126586914
Iteration 10000/20000, Loss: 9.815321922302246
Iteration 11000/20000, Loss: 8.418354988098145
Iteration 12000/20000, Loss: 8.139091491699219
Iteration 13000/20000, Loss: 7.8212690353393555
Iteration 14000/20000, Loss: 7.963051795959473
Iteration 15000/20000, Loss: 7.748613357543945
Iteration 16000/20000, Loss: 7.820320129394531
Iteration 17000/20000, Loss: 7.91424036026001
Iteration 18000/20000, Loss: 7.81563663482666
Iteration 19000/20000, Loss: 8.027423858642578
No starting point
Iteration 0/20000, Loss: 4493.28662109375
Iteration 1000/20000, Loss: 32.68885040283203
Iteration 2000/20000, Loss: 31.421188354492188
Iteration 3000/20000, Loss: 30.031238555908203
Iteration 4000/20000, Loss: 27.297710418701172
Iteration 5000/20000, Loss: 23.748476028442383
Iteration 6000/20000, Loss: 19.39081573486328
Iteration 7000/20000, Loss: 14.856060028076172
Iteration 8000/20000, Loss: 11.445087432861328
Iteration 9000/20000, Loss: 8.891918182373047
Iteration 10000/20000, Loss: 7.325173854827881
Iteration 11000/20000, Loss: 7.285177707672119
Iteration 12000/20000, Loss: 7.214973449707031
Iteration 13000/20000, Loss: 7.092588424682617
Iteration 14000/20000, Loss: 7.187335014343262
Iteration 15000/20000, Loss: 7.319328308105469
Iteration 16000/20000, Loss: 7.236446380615234
Iteration 17000/20000, Loss: 7.185018539428711
Iteration 18000/20000, Loss: 7.157805442810059
Iteration 19000/20000, Loss: 7.033360481262207
No starting point
Iteration 0/20000, Loss: 10947.8828125
Iteration 1000/20000, Loss: 46.58161163330078
Iteration 2000/20000, Loss: 45.72120666503906
Iteration 3000/20000, Loss: 44.1571044921875
Iteration 4000/20000, Loss: 42.06739807128906
Iteration 5000/20000, Loss: 38.46946716308594
Iteration 6000/20000, Loss: 35.43644714355469
Iteration 7000/20000, Loss: 28.28830337524414
Iteration 8000/20000, Loss: 21.50645637512207
Iteration 9000/20000, Loss: 16.217697143554688
Iteration 10000/20000, Loss: 12.738524436950684
Iteration 11000/20000, Loss: 10.72497272491455
Iteration 12000/20000, Loss: 10.424077033996582
Iteration 13000/20000, Loss: 10.46802043914795
Iteration 14000/20000, Loss: 10.28853702545166
Iteration 15000/20000, Loss: 10.348442077636719
Iteration 16000/20000, Loss: 10.2230224609375
Iteration 17000/20000, Loss: 10.450267791748047
Iteration 18000/20000, Loss: 10.612391471862793
Iteration 19000/20000, Loss: 10.367865562438965
No starting point
Iteration 0/20000, Loss: 8259.685546875
Iteration 1000/20000, Loss: 38.67740249633789
Iteration 2000/20000, Loss: 37.383079528808594
Iteration 3000/20000, Loss: 35.985511779785156
Iteration 4000/20000, Loss: 33.209537506103516
Iteration 5000/20000, Loss: 29.818058013916016
Iteration 6000/20000, Loss: 24.63616943359375
Iteration 7000/20000, Loss: 18.54792594909668
Iteration 8000/20000, Loss: 12.98986530303955
Iteration 9000/20000, Loss: 7.736157417297363
Iteration 10000/20000, Loss: 4.510644912719727
Iteration 11000/20000, Loss: 3.0349619388580322
Iteration 12000/20000, Loss: 2.6102311611175537
Iteration 13000/20000, Loss: 2.598727226257324
Iteration 14000/20000, Loss: 2.545517921447754
Iteration 15000/20000, Loss: 2.5661258697509766
Iteration 16000/20000, Loss: 2.6111185550689697
Iteration 17000/20000, Loss: 2.5620460510253906
Iteration 18000/20000, Loss: 2.5563576221466064
Iteration 19000/20000, Loss: 2.5118722915649414
Saved: /home/malurool/Polarizaci-n/Ozone-Cues-Mitigate-Reflected-Downwelling-Radiance-in-LWIR-Absorption-Based-Ranging/results/IHTest_202104_Path5_Step1_LWHSI1_collect1_DistStA_no_downwelling.npz
=== [2/5] Hyperspectral estimation — WITH downwelling (no TV) ===
No starting point
Iteration 0/100000, Loss: 7403.798828125
Iteration 1000/100000, Loss: 14.824737548828125
Iteration 2000/100000, Loss: 13.535069465637207
Iteration 3000/100000, Loss: 12.449289321899414
Iteration 4000/100000, Loss: 11.525588035583496
Iteration 5000/100000, Loss: 10.847586631774902
Iteration 6000/100000, Loss: 10.31781005859375
Iteration 7000/100000, Loss: 9.855833053588867
Iteration 8000/100000, Loss: 9.446930885314941
Iteration 9000/100000, Loss: 9.080903053283691
Iteration 10000/100000, Loss: 8.751008987426758
Iteration 11000/100000, Loss: 8.452364921569824
Iteration 12000/100000, Loss: 8.180685043334961
Iteration 13000/100000, Loss: 7.932910442352295
Iteration 14000/100000, Loss: 7.705995559692383
Iteration 15000/100000, Loss: 7.49850606918335
Iteration 16000/100000, Loss: 7.307758331298828
Iteration 17000/100000, Loss: 7.132284164428711
Iteration 18000/100000, Loss: 6.970659255981445
Iteration 19000/100000, Loss: 6.821541786193848
Iteration 20000/100000, Loss: 6.684025287628174
Iteration 21000/100000, Loss: 6.556817531585693
Iteration 22000/100000, Loss: 6.439345836639404
Iteration 23000/100000, Loss: 6.330226421356201
Iteration 24000/100000, Loss: 6.22953987121582
Iteration 25000/100000, Loss: 6.135715007781982
Iteration 26000/100000, Loss: 6.048980712890625
Iteration 27000/100000, Loss: 5.968367099761963
Iteration 28000/100000, Loss: 5.893451690673828
Iteration 29000/100000, Loss: 5.823707103729248
Iteration 30000/100000, Loss: 5.758881092071533
Iteration 31000/100000, Loss: 5.698230266571045
Iteration 32000/100000, Loss: 5.641834259033203
Iteration 33000/100000, Loss: 5.588987350463867
Iteration 34000/100000, Loss: 5.53944206237793
Iteration 35000/100000, Loss: 5.493403911590576
Iteration 36000/100000, Loss: 5.450695037841797
Iteration 37000/100000, Loss: 5.411375522613525
Iteration 38000/100000, Loss: 5.3751115798950195
Iteration 39000/100000, Loss: 5.341179847717285
Iteration 40000/100000, Loss: 5.309975624084473
Iteration 41000/100000, Loss: 5.280716896057129
Iteration 42000/100000, Loss: 5.25302791595459
Iteration 43000/100000, Loss: 5.227472305297852
Iteration 44000/100000, Loss: 5.203468322753906
Iteration 45000/100000, Loss: 5.1810078620910645
Iteration 46000/100000, Loss: 5.160071849822998
Iteration 47000/100000, Loss: 5.1411213874816895
Iteration 48000/100000, Loss: 5.123439788818359
Iteration 49000/100000, Loss: 5.107301712036133
Iteration 50000/100000, Loss: 5.09276819229126
Iteration 51000/100000, Loss: 5.079258918762207
Iteration 52000/100000, Loss: 5.0665059089660645
Iteration 53000/100000, Loss: 5.0549468994140625
Iteration 54000/100000, Loss: 5.04395866394043
Iteration 55000/100000, Loss: 5.033877372741699
Iteration 56000/100000, Loss: 5.024576663970947
Iteration 57000/100000, Loss: 5.015605926513672
Iteration 58000/100000, Loss: 5.007389068603516
Iteration 59000/100000, Loss: 4.99981164932251
Iteration 60000/100000, Loss: 4.992697238922119
Iteration 61000/100000, Loss: 4.986221790313721
Iteration 62000/100000, Loss: 4.980258941650391
Iteration 63000/100000, Loss: 4.974428176879883
Iteration 64000/100000, Loss: 4.969113349914551
Iteration 65000/100000, Loss: 4.9642157554626465
Iteration 66000/100000, Loss: 4.959584712982178
Iteration 67000/100000, Loss: 4.955065727233887
Iteration 68000/100000, Loss: 4.950873374938965
Iteration 69000/100000, Loss: 4.9467668533325195
Iteration 70000/100000, Loss: 4.943080902099609
Iteration 71000/100000, Loss: 4.939107894897461
Iteration 72000/100000, Loss: 4.935469150543213
Iteration 73000/100000, Loss: 4.931887626647949
Iteration 74000/100000, Loss: 4.928421974182129
Iteration 75000/100000, Loss: 4.925140857696533
Iteration 76000/100000, Loss: 4.921853542327881
Iteration 77000/100000, Loss: 4.9186601638793945
Iteration 78000/100000, Loss: 4.9155144691467285
Iteration 79000/100000, Loss: 4.912545680999756
Iteration 80000/100000, Loss: 4.909518718719482
Iteration 81000/100000, Loss: 4.906609535217285
Iteration 82000/100000, Loss: 4.903635025024414
Iteration 83000/100000, Loss: 4.9010396003723145
Iteration 84000/100000, Loss: 4.898115158081055
Iteration 85000/100000, Loss: 4.895261764526367
Iteration 86000/100000, Loss: 4.892528533935547
Iteration 87000/100000, Loss: 4.889834403991699
Iteration 88000/100000, Loss: 4.8872761726379395
Iteration 89000/100000, Loss: 4.88459587097168
Iteration 90000/100000, Loss: 4.882061958312988
Iteration 91000/100000, Loss: 4.879642009735107
Iteration 92000/100000, Loss: 4.877071857452393
Iteration 93000/100000, Loss: 4.874563217163086
Iteration 94000/100000, Loss: 4.872090816497803
Iteration 95000/100000, Loss: 4.8696088790893555
Iteration 96000/100000, Loss: 4.867339611053467
Iteration 97000/100000, Loss: 4.865009784698486
Iteration 98000/100000, Loss: 4.862637996673584
Iteration 99000/100000, Loss: 4.8604326248168945
No starting point
Iteration 0/100000, Loss: 4493.28662109375
Iteration 1000/100000, Loss: 14.362922668457031
Iteration 2000/100000, Loss: 13.195197105407715
Iteration 3000/100000, Loss: 12.163640022277832
Iteration 4000/100000, Loss: 11.25757884979248
Iteration 5000/100000, Loss: 10.619647979736328
Iteration 6000/100000, Loss: 10.096851348876953
Iteration 7000/100000, Loss: 9.632017135620117
Iteration 8000/100000, Loss: 9.212496757507324
Iteration 9000/100000, Loss: 8.831323623657227
Iteration 10000/100000, Loss: 8.482666969299316
Iteration 11000/100000, Loss: 8.162880897521973
Iteration 12000/100000, Loss: 7.868623733520508
Iteration 13000/100000, Loss: 7.596623420715332
Iteration 14000/100000, Loss: 7.345359802246094
Iteration 15000/100000, Loss: 7.112661838531494
Iteration 16000/100000, Loss: 6.89682149887085
Iteration 17000/100000, Loss: 6.696627616882324
Iteration 18000/100000, Loss: 6.510250091552734
Iteration 19000/100000, Loss: 6.337309837341309
Iteration 20000/100000, Loss: 6.176525115966797
Iteration 21000/100000, Loss: 6.026882171630859
Iteration 22000/100000, Loss: 5.887472152709961
Iteration 23000/100000, Loss: 5.758057594299316
Iteration 24000/100000, Loss: 5.636900424957275
Iteration 25000/100000, Loss: 5.524075031280518
Iteration 26000/100000, Loss: 5.418944358825684
Iteration 27000/100000, Loss: 5.3206682205200195
Iteration 28000/100000, Loss: 5.228943824768066
Iteration 29000/100000, Loss: 5.143506050109863
Iteration 30000/100000, Loss: 5.063559055328369
Iteration 31000/100000, Loss: 4.988315105438232
Iteration 32000/100000, Loss: 4.918112754821777
Iteration 33000/100000, Loss: 4.8523149490356445
Iteration 34000/100000, Loss: 4.790931701660156
Iteration 35000/100000, Loss: 4.733462810516357
Iteration 36000/100000, Loss: 4.6804728507995605
Iteration 37000/100000, Loss: 4.631323337554932
Iteration 38000/100000, Loss: 4.585623741149902
Iteration 39000/100000, Loss: 4.543300151824951
Iteration 40000/100000, Loss: 4.503673553466797
Iteration 41000/100000, Loss: 4.466081142425537
Iteration 42000/100000, Loss: 4.431114196777344
Iteration 43000/100000, Loss: 4.398555755615234
Iteration 44000/100000, Loss: 4.368022918701172
Iteration 45000/100000, Loss: 4.33997106552124
Iteration 46000/100000, Loss: 4.314716815948486
Iteration 47000/100000, Loss: 4.2921223640441895
Iteration 48000/100000, Loss: 4.2717390060424805
Iteration 49000/100000, Loss: 4.253528594970703
Iteration 50000/100000, Loss: 4.237250328063965
Iteration 51000/100000, Loss: 4.223299980163574
Iteration 52000/100000, Loss: 4.210654258728027
Iteration 53000/100000, Loss: 4.19938850402832
Iteration 54000/100000, Loss: 4.1893439292907715
Iteration 55000/100000, Loss: 4.180561065673828
Iteration 56000/100000, Loss: 4.172573566436768
Iteration 57000/100000, Loss: 4.165390968322754
Iteration 58000/100000, Loss: 4.158812999725342
Iteration 59000/100000, Loss: 4.152928352355957
Iteration 60000/100000, Loss: 4.147642135620117
Iteration 61000/100000, Loss: 4.1427459716796875
Iteration 62000/100000, Loss: 4.138263702392578
Iteration 63000/100000, Loss: 4.134035587310791
Iteration 64000/100000, Loss: 4.130189895629883
Iteration 65000/100000, Loss: 4.126577377319336
Iteration 66000/100000, Loss: 4.123281955718994
Iteration 67000/100000, Loss: 4.119897365570068
Iteration 68000/100000, Loss: 4.117031097412109
Iteration 69000/100000, Loss: 4.113982200622559
Iteration 70000/100000, Loss: 4.111119747161865
Iteration 71000/100000, Loss: 4.108310222625732
Iteration 72000/100000, Loss: 4.105645179748535
Iteration 73000/100000, Loss: 4.102874279022217
Iteration 74000/100000, Loss: 4.100442409515381
Iteration 75000/100000, Loss: 4.09798526763916
Iteration 76000/100000, Loss: 4.095550537109375
Iteration 77000/100000, Loss: 4.0930681228637695
Iteration 78000/100000, Loss: 4.090622901916504
Iteration 79000/100000, Loss: 4.088431358337402
Iteration 80000/100000, Loss: 4.0859456062316895
Iteration 81000/100000, Loss: 4.083808898925781
Iteration 82000/100000, Loss: 4.081470966339111
Iteration 83000/100000, Loss: 4.079249858856201
Iteration 84000/100000, Loss: 4.0770392417907715
Iteration 85000/100000, Loss: 4.074884414672852
Iteration 86000/100000, Loss: 4.07253360748291
Iteration 87000/100000, Loss: 4.070394039154053
Iteration 88000/100000, Loss: 4.068416595458984
Iteration 89000/100000, Loss: 4.066272258758545
Iteration 90000/100000, Loss: 4.064362049102783
Iteration 91000/100000, Loss: 4.0621418952941895
Iteration 92000/100000, Loss: 4.060073375701904
Iteration 93000/100000, Loss: 4.058159351348877
Iteration 94000/100000, Loss: 4.056144714355469
Iteration 95000/100000, Loss: 4.054051876068115
Iteration 96000/100000, Loss: 4.05214262008667
Iteration 97000/100000, Loss: 4.0504045486450195
Iteration 98000/100000, Loss: 4.0483174324035645
Iteration 99000/100000, Loss: 4.046548366546631
No starting point
Iteration 0/100000, Loss: 10947.8828125
Iteration 1000/100000, Loss: 19.80419921875
Iteration 2000/100000, Loss: 18.34541130065918
Iteration 3000/100000, Loss: 17.11754608154297
Iteration 4000/100000, Loss: 15.99006175994873
Iteration 5000/100000, Loss: 14.89232063293457
Iteration 6000/100000, Loss: 13.793935775756836
Iteration 7000/100000, Loss: 12.668965339660645
Iteration 8000/100000, Loss: 11.57849407196045
Iteration 9000/100000, Loss: 10.80600357055664
Iteration 10000/100000, Loss: 10.192573547363281
Iteration 11000/100000, Loss: 9.676103591918945
Iteration 12000/100000, Loss: 9.237918853759766
Iteration 13000/100000, Loss: 8.863212585449219
Iteration 14000/100000, Loss: 8.540324211120605
Iteration 15000/100000, Loss: 8.261256217956543
Iteration 16000/100000, Loss: 8.018144607543945
Iteration 17000/100000, Loss: 7.804864406585693
Iteration 18000/100000, Loss: 7.617300033569336
Iteration 19000/100000, Loss: 7.451399803161621
Iteration 20000/100000, Loss: 7.303867340087891
Iteration 21000/100000, Loss: 7.171494483947754
Iteration 22000/100000, Loss: 7.053027153015137
Iteration 23000/100000, Loss: 6.9463067054748535
Iteration 24000/100000, Loss: 6.849967956542969
Iteration 25000/100000, Loss: 6.76248836517334
Iteration 26000/100000, Loss: 6.682830333709717
Iteration 27000/100000, Loss: 6.610033988952637
Iteration 28000/100000, Loss: 6.543285369873047
Iteration 29000/100000, Loss: 6.482048988342285
Iteration 30000/100000, Loss: 6.425779819488525
Iteration 31000/100000, Loss: 6.374091625213623
Iteration 32000/100000, Loss: 6.326545715332031
Iteration 33000/100000, Loss: 6.2827863693237305
Iteration 34000/100000, Loss: 6.24252986907959
Iteration 35000/100000, Loss: 6.205349922180176
Iteration 36000/100000, Loss: 6.171111106872559
Iteration 37000/100000, Loss: 6.139481544494629
Iteration 38000/100000, Loss: 6.1102800369262695
Iteration 39000/100000, Loss: 6.083320617675781
Iteration 40000/100000, Loss: 6.058384418487549
Iteration 41000/100000, Loss: 6.035382270812988
Iteration 42000/100000, Loss: 6.014194011688232
Iteration 43000/100000, Loss: 5.994710445404053
Iteration 44000/100000, Loss: 5.9768500328063965
Iteration 45000/100000, Loss: 5.96054744720459
Iteration 46000/100000, Loss: 5.9457011222839355
Iteration 47000/100000, Loss: 5.932243824005127
Iteration 48000/100000, Loss: 5.920044422149658
Iteration 49000/100000, Loss: 5.908989429473877
Iteration 50000/100000, Loss: 5.8989973068237305
Iteration 51000/100000, Loss: 5.889909267425537
Iteration 52000/100000, Loss: 5.881665229797363
Iteration 53000/100000, Loss: 5.874164581298828
Iteration 54000/100000, Loss: 5.86729097366333
Iteration 55000/100000, Loss: 5.861010551452637
Iteration 56000/100000, Loss: 5.855221271514893
Iteration 57000/100000, Loss: 5.849869251251221
Iteration 58000/100000, Loss: 5.844913005828857
Iteration 59000/100000, Loss: 5.8403120040893555
Iteration 60000/100000, Loss: 5.836013317108154
Iteration 61000/100000, Loss: 5.831992149353027
Iteration 62000/100000, Loss: 5.828192710876465
Iteration 63000/100000, Loss: 5.824615478515625
Iteration 64000/100000, Loss: 5.821207523345947
Iteration 65000/100000, Loss: 5.81797981262207
Iteration 66000/100000, Loss: 5.8149027824401855
Iteration 67000/100000, Loss: 5.811975955963135
Iteration 68000/100000, Loss: 5.809098720550537
Iteration 69000/100000, Loss: 5.80638313293457
Iteration 70000/100000, Loss: 5.803732395172119
Iteration 71000/100000, Loss: 5.801176071166992
Iteration 72000/100000, Loss: 5.7986907958984375
Iteration 73000/100000, Loss: 5.796305179595947
Iteration 74000/100000, Loss: 5.793961048126221
Iteration 75000/100000, Loss: 5.791690826416016
Iteration 76000/100000, Loss: 5.789472579956055
Iteration 77000/100000, Loss: 5.787297248840332
Iteration 78000/100000, Loss: 5.785171031951904
Iteration 79000/100000, Loss: 5.783084392547607
Iteration 80000/100000, Loss: 5.781056880950928
Iteration 81000/100000, Loss: 5.779040336608887
Iteration 82000/100000, Loss: 5.777075290679932
Iteration 83000/100000, Loss: 5.775177955627441
Iteration 84000/100000, Loss: 5.773257255554199
Iteration 85000/100000, Loss: 5.77139139175415
Iteration 86000/100000, Loss: 5.769541263580322
Iteration 87000/100000, Loss: 5.767744064331055
Iteration 88000/100000, Loss: 5.765961647033691
Iteration 89000/100000, Loss: 5.7642035484313965
Iteration 90000/100000, Loss: 5.762480735778809
Iteration 91000/100000, Loss: 5.760767936706543
Iteration 92000/100000, Loss: 5.759089469909668
Iteration 93000/100000, Loss: 5.7574286460876465
Iteration 94000/100000, Loss: 5.755786418914795
Iteration 95000/100000, Loss: 5.7541632652282715
Iteration 96000/100000, Loss: 5.752559661865234
Iteration 97000/100000, Loss: 5.75100040435791
Iteration 98000/100000, Loss: 5.749436855316162
Iteration 99000/100000, Loss: 5.747899055480957
No starting point
Iteration 0/100000, Loss: 8259.685546875
Iteration 1000/100000, Loss: 12.336673736572266
Iteration 2000/100000, Loss: 11.031295776367188
Iteration 3000/100000, Loss: 10.022932052612305
Iteration 4000/100000, Loss: 9.198978424072266
Iteration 5000/100000, Loss: 8.500941276550293
Iteration 6000/100000, Loss: 7.895439624786377
Iteration 7000/100000, Loss: 7.362346649169922
Iteration 8000/100000, Loss: 6.888283729553223
Iteration 9000/100000, Loss: 6.4638261795043945
Iteration 10000/100000, Loss: 6.081907272338867
Iteration 11000/100000, Loss: 5.736729621887207
Iteration 12000/100000, Loss: 5.424025535583496
Iteration 13000/100000, Loss: 5.139803886413574
Iteration 14000/100000, Loss: 4.8807692527771
Iteration 15000/100000, Loss: 4.644482612609863
Iteration 16000/100000, Loss: 4.428571701049805
Iteration 17000/100000, Loss: 4.230767250061035
Iteration 18000/100000, Loss: 4.049342155456543
Iteration 19000/100000, Loss: 3.8828601837158203
Iteration 20000/100000, Loss: 3.7299447059631348
Iteration 21000/100000, Loss: 3.5892980098724365
Iteration 22000/100000, Loss: 3.4597840309143066
Iteration 23000/100000, Loss: 3.340444326400757
Iteration 24000/100000, Loss: 3.230443000793457
Iteration 25000/100000, Loss: 3.1290032863616943
Iteration 26000/100000, Loss: 3.0354127883911133
Iteration 27000/100000, Loss: 2.9490137100219727
Iteration 28000/100000, Loss: 2.8691911697387695
Iteration 29000/100000, Loss: 2.7953968048095703
Iteration 30000/100000, Loss: 2.727135181427002
Iteration 31000/100000, Loss: 2.663963794708252
Iteration 32000/100000, Loss: 2.60548996925354
Iteration 33000/100000, Loss: 2.5513534545898438
Iteration 34000/100000, Loss: 2.501216173171997
Iteration 35000/100000, Loss: 2.45477032661438
Iteration 36000/100000, Loss: 2.411761999130249
Iteration 37000/100000, Loss: 2.3719332218170166
Iteration 38000/100000, Loss: 2.335062265396118
Iteration 39000/100000, Loss: 2.3009839057922363
Iteration 40000/100000, Loss: 2.2696564197540283
Iteration 41000/100000, Loss: 2.2410502433776855
Iteration 42000/100000, Loss: 2.2150933742523193
Iteration 43000/100000, Loss: 2.19170880317688
Iteration 44000/100000, Loss: 2.170790910720825
Iteration 45000/100000, Loss: 2.1521384716033936
Iteration 46000/100000, Loss: 2.135594606399536
Iteration 47000/100000, Loss: 2.120978355407715
Iteration 48000/100000, Loss: 2.1081104278564453
Iteration 49000/100000, Loss: 2.09679913520813
Iteration 50000/100000, Loss: 2.086855888366699
Iteration 51000/100000, Loss: 2.078096866607666
Iteration 52000/100000, Loss: 2.0703530311584473
Iteration 53000/100000, Loss: 2.063477039337158
Iteration 54000/100000, Loss: 2.0573456287384033
Iteration 55000/100000, Loss: 2.0518405437469482
Iteration 56000/100000, Loss: 2.0468742847442627
Iteration 57000/100000, Loss: 2.0423622131347656
Iteration 58000/100000, Loss: 2.038227081298828
Iteration 59000/100000, Loss: 2.034419536590576
Iteration 60000/100000, Loss: 2.030902624130249
Iteration 61000/100000, Loss: 2.027617931365967
Iteration 62000/100000, Loss: 2.0245437622070312
Iteration 63000/100000, Loss: 2.021655797958374
Iteration 64000/100000, Loss: 2.0189249515533447
Iteration 65000/100000, Loss: 2.0163328647613525
Iteration 66000/100000, Loss: 2.0138652324676514
Iteration 67000/100000, Loss: 2.0115041732788086
Iteration 68000/100000, Loss: 2.0092344284057617
Iteration 69000/100000, Loss: 2.007047176361084
Iteration 70000/100000, Loss: 2.0049338340759277
Iteration 71000/100000, Loss: 2.002882480621338
Iteration 72000/100000, Loss: 2.000887393951416
Iteration 73000/100000, Loss: 1.9989473819732666
Iteration 74000/100000, Loss: 1.9970533847808838
Iteration 75000/100000, Loss: 1.9952000379562378
Iteration 76000/100000, Loss: 1.9933819770812988
Iteration 77000/100000, Loss: 1.9915987253189087
Iteration 78000/100000, Loss: 1.989848017692566
Iteration 79000/100000, Loss: 1.9881269931793213
Iteration 80000/100000, Loss: 1.9864311218261719
Iteration 81000/100000, Loss: 1.984760046005249
Iteration 82000/100000, Loss: 1.98311448097229
Iteration 83000/100000, Loss: 1.9814927577972412
Iteration 84000/100000, Loss: 1.9798928499221802
Iteration 85000/100000, Loss: 1.9783134460449219
Iteration 86000/100000, Loss: 1.9767532348632812
Iteration 87000/100000, Loss: 1.9752106666564941
Iteration 88000/100000, Loss: 1.9736862182617188
Iteration 89000/100000, Loss: 1.9721777439117432
Iteration 90000/100000, Loss: 1.9706867933273315
Iteration 91000/100000, Loss: 1.9692120552062988
Iteration 92000/100000, Loss: 1.9677526950836182
Iteration 93000/100000, Loss: 1.966307282447815
Iteration 94000/100000, Loss: 1.9648768901824951
Iteration 95000/100000, Loss: 1.9634617567062378
Iteration 96000/100000, Loss: 1.9620624780654907
Iteration 97000/100000, Loss: 1.9606773853302002
Iteration 98000/100000, Loss: 1.9593054056167603
Iteration 99000/100000, Loss: 1.9579479694366455
Saved: /home/malurool/Polarizaci-n/Ozone-Cues-Mitigate-Reflected-Downwelling-Radiance-in-LWIR-Absorption-Based-Ranging/results/IHTest_202104_Path5_Step1_LWHSI1_collect1_DistStA_downwelling.npz
=== [3/5] Hyperspectral estimation — WITH downwelling + TV ===
No starting point
Iteration 0/100000, Loss: 7403.798828125
Iteration 1000/100000, Loss: 14.825128555297852
Iteration 2000/100000, Loss: 13.535595893859863
Iteration 3000/100000, Loss: 12.449821472167969
Iteration 4000/100000, Loss: 11.526150703430176
Iteration 5000/100000, Loss: 10.84803581237793
Iteration 6000/100000, Loss: 10.3182954788208
Iteration 7000/100000, Loss: 9.85641860961914
Iteration 8000/100000, Loss: 9.44760799407959
Iteration 9000/100000, Loss: 9.081729888916016
Iteration 10000/100000, Loss: 8.751974105834961
Iteration 11000/100000, Loss: 8.453290939331055
Iteration 12000/100000, Loss: 8.181523323059082
Iteration 13000/100000, Loss: 7.933749198913574
Iteration 14000/100000, Loss: 7.706980228424072
Iteration 15000/100000, Loss: 7.499574661254883
Iteration 16000/100000, Loss: 7.3086748123168945
Iteration 17000/100000, Loss: 7.133408069610596
Iteration 18000/100000, Loss: 6.971670150756836
Iteration 19000/100000, Loss: 6.822671413421631
Iteration 20000/100000, Loss: 6.6849846839904785
Iteration 21000/100000, Loss: 6.557719707489014
Iteration 22000/100000, Loss: 6.440372943878174
Iteration 23000/100000, Loss: 6.331328868865967
Iteration 24000/100000, Loss: 6.2306036949157715
Iteration 25000/100000, Loss: 6.136745929718018
Iteration 26000/100000, Loss: 6.050020217895508
Iteration 27000/100000, Loss: 5.969317436218262
Iteration 28000/100000, Loss: 5.894436836242676
Iteration 29000/100000, Loss: 5.824705123901367
Iteration 30000/100000, Loss: 5.759753227233887
Iteration 31000/100000, Loss: 5.699295997619629
Iteration 32000/100000, Loss: 5.642685413360596
Iteration 33000/100000, Loss: 5.589815139770508
Iteration 34000/100000, Loss: 5.540450096130371
Iteration 35000/100000, Loss: 5.494449615478516
Iteration 36000/100000, Loss: 5.451810836791992
Iteration 37000/100000, Loss: 5.412398815155029
Iteration 38000/100000, Loss: 5.376071453094482
Iteration 39000/100000, Loss: 5.342343807220459
Iteration 40000/100000, Loss: 5.310721397399902
Iteration 41000/100000, Loss: 5.281534194946289
Iteration 42000/100000, Loss: 5.254080772399902
Iteration 43000/100000, Loss: 5.228471755981445
Iteration 44000/100000, Loss: 5.2043986320495605
Iteration 45000/100000, Loss: 5.182002544403076
Iteration 46000/100000, Loss: 5.161253929138184
Iteration 47000/100000, Loss: 5.142016887664795
Iteration 48000/100000, Loss: 5.124463081359863
Iteration 49000/100000, Loss: 5.108540058135986
Iteration 50000/100000, Loss: 5.0935959815979
Iteration 51000/100000, Loss: 5.080186367034912
Iteration 52000/100000, Loss: 5.067505836486816
Iteration 53000/100000, Loss: 5.056089878082275
Iteration 54000/100000, Loss: 5.045018672943115
Iteration 55000/100000, Loss: 5.035155773162842
Iteration 56000/100000, Loss: 5.025518894195557
Iteration 57000/100000, Loss: 5.016638278961182
Iteration 58000/100000, Loss: 5.008538722991943
Iteration 59000/100000, Loss: 5.000848770141602
Iteration 60000/100000, Loss: 4.993768692016602
Iteration 61000/100000, Loss: 4.98722505569458
Iteration 62000/100000, Loss: 4.981186389923096
Iteration 63000/100000, Loss: 4.97559928894043
Iteration 64000/100000, Loss: 4.970324993133545
Iteration 65000/100000, Loss: 4.965328216552734
Iteration 66000/100000, Loss: 4.960695743560791
Iteration 67000/100000, Loss: 4.95612096786499
Iteration 68000/100000, Loss: 4.9520263671875
Iteration 69000/100000, Loss: 4.948026657104492
Iteration 70000/100000, Loss: 4.944211483001709
Iteration 71000/100000, Loss: 4.940225124359131
Iteration 72000/100000, Loss: 4.9366583824157715
Iteration 73000/100000, Loss: 4.933135032653809
Iteration 74000/100000, Loss: 4.92975378036499
Iteration 75000/100000, Loss: 4.926332473754883
Iteration 76000/100000, Loss: 4.923217296600342
Iteration 77000/100000, Loss: 4.919819355010986
Iteration 78000/100000, Loss: 4.916713714599609
Iteration 79000/100000, Loss: 4.913647651672363
Iteration 80000/100000, Loss: 4.910693168640137
Iteration 81000/100000, Loss: 4.907667636871338
Iteration 82000/100000, Loss: 4.90488862991333
Iteration 83000/100000, Loss: 4.902036666870117
Iteration 84000/100000, Loss: 4.899143695831299
Iteration 85000/100000, Loss: 4.896617412567139
Iteration 86000/100000, Loss: 4.893832683563232
Iteration 87000/100000, Loss: 4.891098976135254
Iteration 88000/100000, Loss: 4.888482093811035
Iteration 89000/100000, Loss: 4.8858771324157715
Iteration 90000/100000, Loss: 4.883316516876221
Iteration 91000/100000, Loss: 4.880781173706055
Iteration 92000/100000, Loss: 4.878391265869141
Iteration 93000/100000, Loss: 4.87581205368042
Iteration 94000/100000, Loss: 4.873422622680664
Iteration 95000/100000, Loss: 4.87105131149292
Iteration 96000/100000, Loss: 4.8685688972473145
Iteration 97000/100000, Loss: 4.86631441116333
Iteration 98000/100000, Loss: 4.863956451416016
Iteration 99000/100000, Loss: 4.861660480499268
No starting point
Iteration 0/100000, Loss: 4493.28662109375
Iteration 1000/100000, Loss: 14.3632230758667
Iteration 2000/100000, Loss: 13.195718765258789
Iteration 3000/100000, Loss: 12.164385795593262
Iteration 4000/100000, Loss: 11.258360862731934
Iteration 5000/100000, Loss: 10.620585441589355
Iteration 6000/100000, Loss: 10.097884178161621
Iteration 7000/100000, Loss: 9.63316535949707
Iteration 8000/100000, Loss: 9.213814735412598
Iteration 9000/100000, Loss: 8.832953453063965
Iteration 10000/100000, Loss: 8.484286308288574
Iteration 11000/100000, Loss: 8.16469955444336
Iteration 12000/100000, Loss: 7.870378494262695
Iteration 13000/100000, Loss: 7.598366737365723
Iteration 14000/100000, Loss: 7.3469696044921875
Iteration 15000/100000, Loss: 7.114623069763184
Iteration 16000/100000, Loss: 6.898610591888428
Iteration 17000/100000, Loss: 6.698515892028809
Iteration 18000/100000, Loss: 6.51218318939209
Iteration 19000/100000, Loss: 6.339198112487793
Iteration 20000/100000, Loss: 6.178479194641113
Iteration 21000/100000, Loss: 6.028781890869141
Iteration 22000/100000, Loss: 5.889436721801758
Iteration 23000/100000, Loss: 5.759705543518066
Iteration 24000/100000, Loss: 5.638919353485107
Iteration 25000/100000, Loss: 5.5256195068359375
Iteration 26000/100000, Loss: 5.420635223388672
Iteration 27000/100000, Loss: 5.322582244873047
Iteration 28000/100000, Loss: 5.230638027191162
Iteration 29000/100000, Loss: 5.145299911499023
Iteration 30000/100000, Loss: 5.06503438949585
Iteration 31000/100000, Loss: 4.989988327026367
Iteration 32000/100000, Loss: 4.919742584228516
Iteration 33000/100000, Loss: 4.8538947105407715
Iteration 34000/100000, Loss: 4.792342662811279
Iteration 35000/100000, Loss: 4.735021114349365
Iteration 36000/100000, Loss: 4.682032108306885
Iteration 37000/100000, Loss: 4.632814407348633
Iteration 38000/100000, Loss: 4.587118625640869
Iteration 39000/100000, Loss: 4.544766426086426
Iteration 40000/100000, Loss: 4.5051984786987305
Iteration 41000/100000, Loss: 4.467606067657471
Iteration 42000/100000, Loss: 4.432627201080322
Iteration 43000/100000, Loss: 4.399819374084473
Iteration 44000/100000, Loss: 4.369415283203125
Iteration 45000/100000, Loss: 4.3414459228515625
Iteration 46000/100000, Loss: 4.316204071044922
Iteration 47000/100000, Loss: 4.293299198150635
Iteration 48000/100000, Loss: 4.273018836975098
Iteration 49000/100000, Loss: 4.254903793334961
Iteration 50000/100000, Loss: 4.238809108734131
Iteration 51000/100000, Loss: 4.2247185707092285
Iteration 52000/100000, Loss: 4.212000846862793
Iteration 53000/100000, Loss: 4.200887203216553
Iteration 54000/100000, Loss: 4.190765857696533
Iteration 55000/100000, Loss: 4.181966304779053
Iteration 56000/100000, Loss: 4.174135684967041
Iteration 57000/100000, Loss: 4.166898727416992
Iteration 58000/100000, Loss: 4.1602935791015625
Iteration 59000/100000, Loss: 4.154397964477539
Iteration 60000/100000, Loss: 4.149056911468506
Iteration 61000/100000, Loss: 4.144463539123535
Iteration 62000/100000, Loss: 4.139656066894531
Iteration 63000/100000, Loss: 4.1356587409973145
Iteration 64000/100000, Loss: 4.131811141967773
Iteration 65000/100000, Loss: 4.128244876861572
Iteration 66000/100000, Loss: 4.124784469604492
Iteration 67000/100000, Loss: 4.121505260467529
Iteration 68000/100000, Loss: 4.118387699127197
Iteration 69000/100000, Loss: 4.115471363067627
Iteration 70000/100000, Loss: 4.112565994262695
Iteration 71000/100000, Loss: 4.109940052032471
Iteration 72000/100000, Loss: 4.107149600982666
Iteration 73000/100000, Loss: 4.104518413543701
Iteration 74000/100000, Loss: 4.101837635040283
Iteration 75000/100000, Loss: 4.099462985992432
Iteration 76000/100000, Loss: 4.0970001220703125
Iteration 77000/100000, Loss: 4.09455680847168
Iteration 78000/100000, Loss: 4.092272758483887
Iteration 79000/100000, Loss: 4.089910984039307
Iteration 80000/100000, Loss: 4.087602615356445
Iteration 81000/100000, Loss: 4.085311412811279
Iteration 82000/100000, Loss: 4.083063125610352
Iteration 83000/100000, Loss: 4.08083438873291
Iteration 84000/100000, Loss: 4.078737735748291
Iteration 85000/100000, Loss: 4.076421737670898
Iteration 86000/100000, Loss: 4.074252605438232
Iteration 87000/100000, Loss: 4.072101593017578
Iteration 88000/100000, Loss: 4.070019245147705
Iteration 89000/100000, Loss: 4.067968845367432
Iteration 90000/100000, Loss: 4.06575345993042
Iteration 91000/100000, Loss: 4.063742637634277
Iteration 92000/100000, Loss: 4.061789512634277
Iteration 93000/100000, Loss: 4.0596442222595215
Iteration 94000/100000, Loss: 4.057731628417969
Iteration 95000/100000, Loss: 4.055776596069336
Iteration 96000/100000, Loss: 4.054022789001465
Iteration 97000/100000, Loss: 4.052099704742432
Iteration 98000/100000, Loss: 4.050045967102051
Iteration 99000/100000, Loss: 4.048038005828857
No starting point
Iteration 0/100000, Loss: 10947.8828125
Iteration 1000/100000, Loss: 19.804786682128906
Iteration 2000/100000, Loss: 18.346176147460938
Iteration 3000/100000, Loss: 17.118396759033203
Iteration 4000/100000, Loss: 15.990943908691406
Iteration 5000/100000, Loss: 14.893157005310059
Iteration 6000/100000, Loss: 13.794671058654785
Iteration 7000/100000, Loss: 12.669605255126953
Iteration 8000/100000, Loss: 11.579005241394043
Iteration 9000/100000, Loss: 10.806859970092773
Iteration 10000/100000, Loss: 10.193109512329102
Iteration 11000/100000, Loss: 9.67658805847168
Iteration 12000/100000, Loss: 9.238458633422852
Iteration 13000/100000, Loss: 8.863499641418457
Iteration 14000/100000, Loss: 8.540745735168457
Iteration 15000/100000, Loss: 8.261518478393555
Iteration 16000/100000, Loss: 8.0186185836792
Iteration 17000/100000, Loss: 7.805453777313232
Iteration 18000/100000, Loss: 7.617796897888184
Iteration 19000/100000, Loss: 7.451834678649902
Iteration 20000/100000, Loss: 7.304177284240723
Iteration 21000/100000, Loss: 7.172004699707031
Iteration 22000/100000, Loss: 7.0536699295043945
Iteration 23000/100000, Loss: 6.946835041046143
Iteration 24000/100000, Loss: 6.850526809692383
Iteration 25000/100000, Loss: 6.763047218322754
Iteration 26000/100000, Loss: 6.683389186859131
Iteration 27000/100000, Loss: 6.610591411590576
Iteration 28000/100000, Loss: 6.543850421905518
Iteration 29000/100000, Loss: 6.482632637023926
Iteration 30000/100000, Loss: 6.426416397094727
Iteration 31000/100000, Loss: 6.374701023101807
Iteration 32000/100000, Loss: 6.327150821685791
Iteration 33000/100000, Loss: 6.2834272384643555
Iteration 34000/100000, Loss: 6.243107795715332
Iteration 35000/100000, Loss: 6.205973148345947
Iteration 36000/100000, Loss: 6.1717529296875
Iteration 37000/100000, Loss: 6.14013147354126
Iteration 38000/100000, Loss: 6.110946178436279
Iteration 39000/100000, Loss: 6.083981513977051
Iteration 40000/100000, Loss: 6.059091567993164
Iteration 41000/100000, Loss: 6.036072254180908
Iteration 42000/100000, Loss: 6.014889240264893
Iteration 43000/100000, Loss: 5.995404243469238
Iteration 44000/100000, Loss: 5.977548122406006
Iteration 45000/100000, Loss: 5.961242198944092
Iteration 46000/100000, Loss: 5.946402549743652
Iteration 47000/100000, Loss: 5.932951927185059
Iteration 48000/100000, Loss: 5.920775890350342
Iteration 49000/100000, Loss: 5.909702301025391
Iteration 50000/100000, Loss: 5.899709701538086
Iteration 51000/100000, Loss: 5.890633583068848
Iteration 52000/100000, Loss: 5.88239049911499
Iteration 53000/100000, Loss: 5.874886989593506
Iteration 54000/100000, Loss: 5.868017196655273
Iteration 55000/100000, Loss: 5.861725807189941
Iteration 56000/100000, Loss: 5.855950832366943
Iteration 57000/100000, Loss: 5.850639343261719
Iteration 58000/100000, Loss: 5.8456549644470215
Iteration 59000/100000, Loss: 5.841067314147949
Iteration 60000/100000, Loss: 5.836765766143799
Iteration 61000/100000, Loss: 5.832749366760254
Iteration 62000/100000, Loss: 5.828968524932861
Iteration 63000/100000, Loss: 5.825379848480225
Iteration 64000/100000, Loss: 5.821990013122559
Iteration 65000/100000, Loss: 5.818763256072998
Iteration 66000/100000, Loss: 5.815721035003662
Iteration 67000/100000, Loss: 5.812745571136475
Iteration 68000/100000, Loss: 5.8099164962768555
Iteration 69000/100000, Loss: 5.807178974151611
Iteration 70000/100000, Loss: 5.804550647735596
Iteration 71000/100000, Loss: 5.801996231079102
Iteration 72000/100000, Loss: 5.799522876739502
Iteration 73000/100000, Loss: 5.797140121459961
Iteration 74000/100000, Loss: 5.794806480407715
Iteration 75000/100000, Loss: 5.792560577392578
Iteration 76000/100000, Loss: 5.790318965911865
Iteration 77000/100000, Loss: 5.78815221786499
Iteration 78000/100000, Loss: 5.7860331535339355
Iteration 79000/100000, Loss: 5.783951282501221
Iteration 80000/100000, Loss: 5.781915187835693
Iteration 81000/100000, Loss: 5.779926300048828
Iteration 82000/100000, Loss: 5.777956008911133
Iteration 83000/100000, Loss: 5.776034832000732
Iteration 84000/100000, Loss: 5.774149417877197
Iteration 85000/100000, Loss: 5.772284507751465
Iteration 86000/100000, Loss: 5.770472049713135
Iteration 87000/100000, Loss: 5.768632888793945
Iteration 88000/100000, Loss: 5.7668657302856445
Iteration 89000/100000, Loss: 5.7651262283325195
Iteration 90000/100000, Loss: 5.763402938842773
Iteration 91000/100000, Loss: 5.761687755584717
Iteration 92000/100000, Loss: 5.760005950927734
Iteration 93000/100000, Loss: 5.75834846496582
Iteration 94000/100000, Loss: 5.756712436676025
Iteration 95000/100000, Loss: 5.75508451461792
Iteration 96000/100000, Loss: 5.753495693206787
Iteration 97000/100000, Loss: 5.7519307136535645
Iteration 98000/100000, Loss: 5.750371932983398
Iteration 99000/100000, Loss: 5.748841762542725
No starting point
Iteration 0/100000, Loss: 8259.685546875
Iteration 1000/100000, Loss: 12.337112426757812
Iteration 2000/100000, Loss: 11.03186321258545
Iteration 3000/100000, Loss: 10.023538589477539
Iteration 4000/100000, Loss: 9.199585914611816
Iteration 5000/100000, Loss: 8.501557350158691
Iteration 6000/100000, Loss: 7.896078586578369
Iteration 7000/100000, Loss: 7.362998008728027
Iteration 8000/100000, Loss: 6.888947010040283
Iteration 9000/100000, Loss: 6.4644975662231445
Iteration 10000/100000, Loss: 6.082583427429199
Iteration 11000/100000, Loss: 5.737404823303223
Iteration 12000/100000, Loss: 5.424699783325195
Iteration 13000/100000, Loss: 5.140474796295166
Iteration 14000/100000, Loss: 4.881442546844482
Iteration 15000/100000, Loss: 4.645149230957031
Iteration 16000/100000, Loss: 4.429232597351074
Iteration 17000/100000, Loss: 4.231462478637695
Iteration 18000/100000, Loss: 4.050070762634277
Iteration 19000/100000, Loss: 3.8836171627044678
Iteration 20000/100000, Loss: 3.730726718902588
Iteration 21000/100000, Loss: 3.590094804763794
Iteration 22000/100000, Loss: 3.4605913162231445
Iteration 23000/100000, Loss: 3.341259479522705
Iteration 24000/100000, Loss: 3.231266975402832
Iteration 25000/100000, Loss: 3.129833936691284
Iteration 26000/100000, Loss: 3.0362467765808105
Iteration 27000/100000, Loss: 2.949852705001831
Iteration 28000/100000, Loss: 2.870033025741577
Iteration 29000/100000, Loss: 2.7962417602539062
Iteration 30000/100000, Loss: 2.727989435195923
Iteration 31000/100000, Loss: 2.6648309230804443
Iteration 32000/100000, Loss: 2.6063623428344727
Iteration 33000/100000, Loss: 2.5522329807281494
Iteration 34000/100000, Loss: 2.5021049976348877
Iteration 35000/100000, Loss: 2.455667018890381
Iteration 36000/100000, Loss: 2.4126641750335693
Iteration 37000/100000, Loss: 2.3728413581848145
Iteration 38000/100000, Loss: 2.3359739780426025
Iteration 39000/100000, Loss: 2.3018994331359863
Iteration 40000/100000, Loss: 2.2705726623535156
Iteration 41000/100000, Loss: 2.2419755458831787
Iteration 42000/100000, Loss: 2.216017961502075
Iteration 43000/100000, Loss: 2.19262957572937
Iteration 44000/100000, Loss: 2.1717066764831543
Iteration 45000/100000, Loss: 2.1530532836914062
Iteration 46000/100000, Loss: 2.136509895324707
Iteration 47000/100000, Loss: 2.121896743774414
Iteration 48000/100000, Loss: 2.109037399291992
Iteration 49000/100000, Loss: 2.097735643386841
Iteration 50000/100000, Loss: 2.087786912918091
Iteration 51000/100000, Loss: 2.079021453857422
Iteration 52000/100000, Loss: 2.071284294128418
Iteration 53000/100000, Loss: 2.0644161701202393
Iteration 54000/100000, Loss: 2.058284044265747
Iteration 55000/100000, Loss: 2.0527734756469727
Iteration 56000/100000, Loss: 2.047809362411499
Iteration 57000/100000, Loss: 2.043300151824951
Iteration 58000/100000, Loss: 2.0391743183135986
Iteration 59000/100000, Loss: 2.0353710651397705
Iteration 60000/100000, Loss: 2.0318527221679688
Iteration 61000/100000, Loss: 2.0285708904266357
Iteration 62000/100000, Loss: 2.0255000591278076
Iteration 63000/100000, Loss: 2.0226128101348877
Iteration 64000/100000, Loss: 2.0198888778686523
Iteration 65000/100000, Loss: 2.0172998905181885
Iteration 66000/100000, Loss: 2.0148346424102783
Iteration 67000/100000, Loss: 2.0124764442443848
Iteration 68000/100000, Loss: 2.0102100372314453
Iteration 69000/100000, Loss: 2.0080244541168213
Iteration 70000/100000, Loss: 2.005910634994507
Iteration 71000/100000, Loss: 2.0038609504699707
Iteration 72000/100000, Loss: 2.0018694400787354
Iteration 73000/100000, Loss: 1.9999297857284546
Iteration 74000/100000, Loss: 1.998037338256836
Iteration 75000/100000, Loss: 1.996185541152954
Iteration 76000/100000, Loss: 1.9943703413009644
Iteration 77000/100000, Loss: 1.9925892353057861
Iteration 78000/100000, Loss: 1.9908404350280762
Iteration 79000/100000, Loss: 1.9891208410263062
Iteration 80000/100000, Loss: 1.9874267578125
Iteration 81000/100000, Loss: 1.985757827758789
Iteration 82000/100000, Loss: 1.9841136932373047
Iteration 83000/100000, Loss: 1.9824928045272827
Iteration 84000/100000, Loss: 1.9808944463729858
Iteration 85000/100000, Loss: 1.979315996170044
Iteration 86000/100000, Loss: 1.9777560234069824
Iteration 87000/100000, Loss: 1.97621488571167
Iteration 88000/100000, Loss: 1.9746922254562378
Iteration 89000/100000, Loss: 1.9731857776641846
Iteration 90000/100000, Loss: 1.9716956615447998
Iteration 91000/100000, Loss: 1.9702235460281372
Iteration 92000/100000, Loss: 1.968765139579773
Iteration 93000/100000, Loss: 1.9673210382461548
Iteration 94000/100000, Loss: 1.9658923149108887
Iteration 95000/100000, Loss: 1.9644792079925537
Iteration 96000/100000, Loss: 1.9630820751190186
Iteration 97000/100000, Loss: 1.9616966247558594
Iteration 98000/100000, Loss: 1.9603246450424194
Iteration 99000/100000, Loss: 1.9589697122573853
Saved: /home/malurool/Polarizaci-n/Ozone-Cues-Mitigate-Reflected-Downwelling-Radiance-in-LWIR-Absorption-Based-Ranging/results/IHTest_202104_Path5_Step1_LWHSI1_collect1_DistStA_downwelling_TV.npz
=== [4/5] Generating hyperspectral figures ===

--- Patch Statistics (Mean ± Std, ignoring NaNs) ---

Calibration Target 1:
  Without downwelling correction: 195.72 ± 11.83 m
  Downwelling correction:         26.59 ± 11.22 m
  Downwelling correction (TV):    26.58 ± 11.21 m

Calibration Target 2:
  Without downwelling correction: 200.00 ± 0.00 m
  Downwelling correction:         41.86 ± 2.27 m
  Downwelling correction (TV):    41.86 ± 2.20 m

Tree:
  Without downwelling correction: 67.94 ± 9.64 m
  Downwelling correction:         61.29 ± 8.59 m
  Downwelling correction (TV):    61.27 ± 6.62 m
=== [5/5] Generating ablation figures ===
Loading data...
Computing bispectral depth...
Computing quadspectral depth...
Loading hyperspectral results...
Generating depth grid figure...
Generating CDF figure...
Generating box-plot by zone...
Generating depth profile figure...
Generating per-pixel radiance analysis...
Generating pixel overlay maps...

── Depth estimation summary ──────────────────────────────────────
Method                           RMSE (m)    MAE (m)
----------------------------------------------------
Bispectral                          62.92      25.44
Quadspectral                        65.40      26.08
Hyperspectral (no dw)               36.18      21.46
Hyperspectral (w/ dw)               28.82      17.06

Figures saved to: /home/malurool/Polarizaci-n/Ozone-Cues-Mitigate-Reflected-Downwelling-Radiance-in-LWIR-Absorption-Based-Ranging/Figures/Ablation

=== Pipeline complete ===
  Results : /home/malurool/Polarizaci-n/Ozone-Cues-Mitigate-Reflected-Downwelling-Radiance-in-LWIR-Absorption-Based-Ranging/results/
  Figures : /home/malurool/Polarizaci-n/Ozone-Cues-Mitigate-Reflected-Downwelling-Radiance-in-LWIR-Absorption-Based-Ranging/Figures/
