/var/spool/slurm/slurmd/job08573/slurm_script: line 31: HDR_PATH: unbound variable
/var/spool/slurm/slurmd/job08573/slurm_script: line 32: HDR_PATH: unbound variable
Traceback (most recent call last):
  File "/opt/miniforge3/lib/python3.12/site-packages/scipy/io/matlab/_mio.py", line 39, in _open_file
    return open(file_like, mode), True
           ^^^^^^^^^^^^^^^^^^^^^
FileNotFoundError: [Errno 2] No such file or directory: '/home/malurool/Polarizaci-n/Ozone-Cues-Mitigate-Reflected-Downwelling-Radiance-in-LWIR-Absorption-Based-Ranging/data/DC2P5S1.mat'

During handling of the above exception, another exception occurred:

Traceback (most recent call last):
  File "/home/malurool/Polarizaci-n/Ozone-Cues-Mitigate-Reflected-Downwelling-Radiance-in-LWIR-Absorption-Based-Ranging/python/Figure_bispectral_results.py", line 65, in <module>
    mat = loadmat(os.path.join(DATA_DIR, "DC2P5S1.mat"), squeeze_me=True)
          ^^^^^^^^^^^^^^^^^^^^^^^^^^^^^^^^^^^^^^^^^^^^^^^^^^^^^^^^^^^^^^^
  File "/opt/miniforge3/lib/python3.12/site-packages/scipy/io/matlab/_mio.py", line 234, in loadmat
    with _open_file_context(file_name, appendmat) as f:
         ^^^^^^^^^^^^^^^^^^^^^^^^^^^^^^^^^^^^^^^^
  File "/opt/miniforge3/lib/python3.12/contextlib.py", line 137, in __enter__
    return next(self.gen)
           ^^^^^^^^^^^^^^
  File "/opt/miniforge3/lib/python3.12/site-packages/scipy/io/matlab/_mio.py", line 17, in _open_file_context
    f, opened = _open_file(file_like, appendmat, mode)
                ^^^^^^^^^^^^^^^^^^^^^^^^^^^^^^^^^^^^^^
  File "/opt/miniforge3/lib/python3.12/site-packages/scipy/io/matlab/_mio.py", line 45, in _open_file
    return open(file_like, mode), True
           ^^^^^^^^^^^^^^^^^^^^^
FileNotFoundError: [Errno 2] No such file or directory: '/home/malurool/Polarizaci-n/Ozone-Cues-Mitigate-Reflected-Downwelling-Radiance-in-LWIR-Absorption-Based-Ranging/data/DC2P5S1.mat'
